{
  "/home/abc/repos/dpda-fe/eslint.config.js": {
    "path": "/home/abc/repos/dpda-fe/eslint.config.js",
    "all": true,
    "statementMap": {
      "0": { "start": { "line": 1, "column": 0 }, "end": { "line": 1, "column": 27 } },
      "1": { "start": { "line": 2, "column": 0 }, "end": { "line": 2, "column": 42 } },
      "2": { "start": { "line": 3, "column": 0 }, "end": { "line": 3, "column": 35 } },
      "3": { "start": { "line": 4, "column": 0 }, "end": { "line": 4, "column": 57 } },
      "5": { "start": { "line": 6, "column": 0 }, "end": { "line": 6, "column": 16 } },
      "6": { "start": { "line": 7, "column": 0 }, "end": { "line": 7, "column": 25 } },
      "7": { "start": { "line": 8, "column": 0 }, "end": { "line": 8, "column": 36 } },
      "8": { "start": { "line": 9, "column": 0 }, "end": { "line": 9, "column": 37 } },
      "9": { "start": { "line": 10, "column": 0 }, "end": { "line": 10, "column": 11 } },
      "10": { "start": { "line": 11, "column": 0 }, "end": { "line": 11, "column": 3 } },
      "11": { "start": { "line": 12, "column": 0 }, "end": { "line": 12, "column": 24 } },
      "12": { "start": { "line": 13, "column": 0 }, "end": { "line": 13, "column": 22 } },
      "13": { "start": { "line": 14, "column": 0 }, "end": { "line": 14, "column": 22 } },
      "14": { "start": { "line": 15, "column": 0 }, "end": { "line": 15, "column": 34 } },
      "15": { "start": { "line": 16, "column": 0 }, "end": { "line": 16, "column": 8 } },
      "16": { "start": { "line": 17, "column": 0 }, "end": { "line": 17, "column": 6 } },
      "17": { "start": { "line": 18, "column": 0 }, "end": { "line": 18, "column": 4 } },
      "18": { "start": { "line": 19, "column": 0 }, "end": { "line": 19, "column": 3 } },
      "19": { "start": { "line": 20, "column": 0 }, "end": { "line": 20, "column": 12 } },
      "20": { "start": { "line": 21, "column": 0 }, "end": { "line": 21, "column": 46 } },
      "21": { "start": { "line": 22, "column": 0 }, "end": { "line": 22, "column": 51 } },
      "22": { "start": { "line": 23, "column": 0 }, "end": { "line": 23, "column": 6 } },
      "23": { "start": { "line": 24, "column": 0 }, "end": { "line": 24, "column": 4 } },
      "24": { "start": { "line": 25, "column": 0 }, "end": { "line": 25, "column": 1 } }
    },
    "s": {
      "0": 0,
      "1": 0,
      "2": 0,
      "3": 0,
      "5": 0,
      "6": 0,
      "7": 0,
      "8": 0,
      "9": 0,
      "10": 0,
      "11": 0,
      "12": 0,
      "13": 0,
      "14": 0,
      "15": 0,
      "16": 0,
      "17": 0,
      "18": 0,
      "19": 0,
      "20": 0,
      "21": 0,
      "22": 0,
      "23": 0,
      "24": 0
    },
    "branchMap": {
      "0": {
        "type": "branch",
        "line": 1,
        "loc": { "start": { "line": 1, "column": 556 }, "end": { "line": 25, "column": 1 } },
        "locations": [{ "start": { "line": 1, "column": 556 }, "end": { "line": 25, "column": 1 } }]
      }
    },
    "b": { "0": [0] },
    "fnMap": {
      "0": {
        "name": "(empty-report)",
        "decl": { "start": { "line": 1, "column": 556 }, "end": { "line": 25, "column": 1 } },
        "loc": { "start": { "line": 1, "column": 556 }, "end": { "line": 25, "column": 1 } },
        "line": 1
      }
    },
    "f": { "0": 0 }
  },
  "/home/abc/repos/dpda-fe/playwright.config.ts": {
    "path": "/home/abc/repos/dpda-fe/playwright.config.ts",
    "all": true,
    "statementMap": {
      "0": { "start": { "line": 1, "column": 0 }, "end": { "line": 1, "column": 56 } },
      "13": { "start": { "line": 14, "column": 0 }, "end": { "line": 14, "column": 29 } },
      "14": { "start": { "line": 15, "column": 0 }, "end": { "line": 15, "column": 25 } },
      "16": { "start": { "line": 17, "column": 0 }, "end": { "line": 17, "column": 22 } },
      "18": { "start": { "line": 19, "column": 0 }, "end": { "line": 19, "column": 31 } },
      "20": { "start": { "line": 21, "column": 0 }, "end": { "line": 21, "column": 34 } },
      "22": { "start": { "line": 23, "column": 0 }, "end": { "line": 23, "column": 42 } },
      "24": { "start": { "line": 25, "column": 0 }, "end": { "line": 25, "column": 19 } },
      "26": { "start": { "line": 27, "column": 0 }, "end": { "line": 27, "column": 8 } },
      "31": { "start": { "line": 32, "column": 0 }, "end": { "line": 32, "column": 28 } },
      "32": { "start": { "line": 33, "column": 0 }, "end": { "line": 33, "column": 4 } },
      "35": { "start": { "line": 36, "column": 0 }, "end": { "line": 36, "column": 13 } },
      "36": { "start": { "line": 37, "column": 0 }, "end": { "line": 37, "column": 5 } },
      "37": { "start": { "line": 38, "column": 0 }, "end": { "line": 38, "column": 23 } },
      "38": { "start": { "line": 39, "column": 0 }, "end": { "line": 39, "column": 44 } },
      "39": { "start": { "line": 40, "column": 0 }, "end": { "line": 40, "column": 6 } },
      "41": { "start": { "line": 42, "column": 0 }, "end": { "line": 42, "column": 5 } },
      "42": { "start": { "line": 43, "column": 0 }, "end": { "line": 43, "column": 22 } },
      "43": { "start": { "line": 44, "column": 0 }, "end": { "line": 44, "column": 45 } },
      "44": { "start": { "line": 45, "column": 0 }, "end": { "line": 45, "column": 6 } },
      "46": { "start": { "line": 47, "column": 0 }, "end": { "line": 47, "column": 5 } },
      "47": { "start": { "line": 48, "column": 0 }, "end": { "line": 48, "column": 21 } },
      "48": { "start": { "line": 49, "column": 0 }, "end": { "line": 49, "column": 44 } },
      "49": { "start": { "line": 50, "column": 0 }, "end": { "line": 50, "column": 6 } },
      "70": { "start": { "line": 71, "column": 0 }, "end": { "line": 71, "column": 4 } },
      "78": { "start": { "line": 79, "column": 0 }, "end": { "line": 79, "column": 2 } }
    },
    "s": {
      "0": 0,
      "13": 0,
      "14": 0,
      "16": 0,
      "18": 0,
      "20": 0,
      "22": 0,
      "24": 0,
      "26": 0,
      "31": 0,
      "32": 0,
      "35": 0,
      "36": 0,
      "37": 0,
      "38": 0,
      "39": 0,
      "41": 0,
      "42": 0,
      "43": 0,
      "44": 0,
      "46": 0,
      "47": 0,
      "48": 0,
      "49": 0,
      "70": 0,
      "78": 0
    },
    "branchMap": {
      "0": {
        "type": "branch",
        "line": 1,
        "loc": { "start": { "line": 1, "column": 2178 }, "end": { "line": 79, "column": 2 } },
        "locations": [
          { "start": { "line": 1, "column": 2178 }, "end": { "line": 79, "column": 2 } }
        ]
      }
    },
    "b": { "0": [0] },
    "fnMap": {
      "0": {
        "name": "(empty-report)",
        "decl": { "start": { "line": 1, "column": 2178 }, "end": { "line": 79, "column": 2 } },
        "loc": { "start": { "line": 1, "column": 2178 }, "end": { "line": 79, "column": 2 } },
        "line": 1
      }
    },
    "f": { "0": 0 }
  },
  "/home/abc/repos/dpda-fe/vite.config.ts": {
    "path": "/home/abc/repos/dpda-fe/vite.config.ts",
    "all": true,
    "statementMap": {
      "0": { "start": { "line": 1, "column": 0 }, "end": { "line": 1, "column": 35 } },
      "1": { "start": { "line": 2, "column": 0 }, "end": { "line": 2, "column": 36 } },
      "2": { "start": { "line": 3, "column": 0 }, "end": { "line": 3, "column": 43 } },
      "3": { "start": { "line": 4, "column": 0 }, "end": { "line": 4, "column": 28 } },
      "6": { "start": { "line": 7, "column": 0 }, "end": { "line": 7, "column": 29 } },
      "7": { "start": { "line": 8, "column": 0 }, "end": { "line": 8, "column": 34 } },
      "8": { "start": { "line": 9, "column": 0 }, "end": { "line": 9, "column": 12 } },
      "9": { "start": { "line": 10, "column": 0 }, "end": { "line": 10, "column": 12 } },
      "10": { "start": { "line": 11, "column": 0 }, "end": { "line": 11, "column": 44 } },
      "11": { "start": { "line": 12, "column": 0 }, "end": { "line": 12, "column": 6 } },
      "12": { "start": { "line": 13, "column": 0 }, "end": { "line": 13, "column": 4 } },
      "13": { "start": { "line": 14, "column": 0 }, "end": { "line": 14, "column": 11 } },
      "14": { "start": { "line": 15, "column": 0 }, "end": { "line": 15, "column": 12 } },
      "15": { "start": { "line": 16, "column": 0 }, "end": { "line": 16, "column": 15 } },
      "16": { "start": { "line": 17, "column": 0 }, "end": { "line": 17, "column": 40 } },
      "17": { "start": { "line": 18, "column": 0 }, "end": { "line": 18, "column": 27 } },
      "18": { "start": { "line": 19, "column": 0 }, "end": { "line": 19, "column": 8 } },
      "19": { "start": { "line": 20, "column": 0 }, "end": { "line": 20, "column": 6 } },
      "20": { "start": { "line": 21, "column": 0 }, "end": { "line": 21, "column": 4 } },
      "21": { "start": { "line": 22, "column": 0 }, "end": { "line": 22, "column": 2 } }
    },
    "s": {
      "0": 0,
      "1": 0,
      "2": 0,
      "3": 0,
      "6": 0,
      "7": 0,
      "8": 0,
      "9": 0,
      "10": 0,
      "11": 0,
      "12": 0,
      "13": 0,
      "14": 0,
      "15": 0,
      "16": 0,
      "17": 0,
      "18": 0,
      "19": 0,
      "20": 0,
      "21": 0
    },
    "branchMap": {
      "0": {
        "type": "branch",
        "line": 1,
        "loc": { "start": { "line": 1, "column": 456 }, "end": { "line": 22, "column": 2 } },
        "locations": [{ "start": { "line": 1, "column": 456 }, "end": { "line": 22, "column": 2 } }]
      }
    },
    "b": { "0": [0] },
    "fnMap": {
      "0": {
        "name": "(empty-report)",
        "decl": { "start": { "line": 1, "column": 456 }, "end": { "line": 22, "column": 2 } },
        "loc": { "start": { "line": 1, "column": 456 }, "end": { "line": 22, "column": 2 } },
        "line": 1
      }
    },
    "f": { "0": 0 }
  },
  "/home/abc/repos/dpda-fe/vitest.config.ts": {
    "path": "/home/abc/repos/dpda-fe/vitest.config.ts",
    "all": true,
    "statementMap": {
      "0": { "start": { "line": 1, "column": 0 }, "end": { "line": 1, "column": 44 } },
      "1": { "start": { "line": 2, "column": 0 }, "end": { "line": 2, "column": 36 } },
      "2": { "start": { "line": 3, "column": 0 }, "end": { "line": 3, "column": 28 } },
      "4": { "start": { "line": 5, "column": 0 }, "end": { "line": 5, "column": 29 } },
      "5": { "start": { "line": 6, "column": 0 }, "end": { "line": 6, "column": 19 } },
      "6": { "start": { "line": 7, "column": 0 }, "end": { "line": 7, "column": 9 } },
      "7": { "start": { "line": 8, "column": 0 }, "end": { "line": 8, "column": 18 } },
      "8": { "start": { "line": 9, "column": 0 }, "end": { "line": 9, "column": 25 } },
      "9": { "start": { "line": 10, "column": 0 }, "end": { "line": 10, "column": 60 } },
      "10": { "start": { "line": 11, "column": 0 }, "end": { "line": 11, "column": 15 } },
      "11": { "start": { "line": 12, "column": 0 }, "end": { "line": 12, "column": 21 } },
      "12": { "start": { "line": 13, "column": 0 }, "end": { "line": 13, "column": 41 } },
      "13": { "start": { "line": 14, "column": 0 }, "end": { "line": 14, "column": 16 } },
      "14": { "start": { "line": 15, "column": 0 }, "end": { "line": 15, "column": 24 } },
      "15": { "start": { "line": 16, "column": 0 }, "end": { "line": 16, "column": 17 } },
      "16": { "start": { "line": 17, "column": 0 }, "end": { "line": 17, "column": 23 } },
      "17": { "start": { "line": 18, "column": 0 }, "end": { "line": 18, "column": 23 } },
      "18": { "start": { "line": 19, "column": 0 }, "end": { "line": 19, "column": 21 } },
      "19": { "start": { "line": 20, "column": 0 }, "end": { "line": 20, "column": 8 } },
      "20": { "start": { "line": 21, "column": 0 }, "end": { "line": 21, "column": 19 } },
      "21": { "start": { "line": 22, "column": 0 }, "end": { "line": 22, "column": 18 } },
      "22": { "start": { "line": 23, "column": 0 }, "end": { "line": 23, "column": 22 } },
      "23": { "start": { "line": 24, "column": 0 }, "end": { "line": 24, "column": 21 } },
      "24": { "start": { "line": 25, "column": 0 }, "end": { "line": 25, "column": 23 } },
      "25": { "start": { "line": 26, "column": 0 }, "end": { "line": 26, "column": 8 } },
      "26": { "start": { "line": 27, "column": 0 }, "end": { "line": 27, "column": 6 } },
      "27": { "start": { "line": 28, "column": 0 }, "end": { "line": 28, "column": 4 } },
      "28": { "start": { "line": 29, "column": 0 }, "end": { "line": 29, "column": 12 } },
      "29": { "start": { "line": 30, "column": 0 }, "end": { "line": 30, "column": 12 } },
      "30": { "start": { "line": 31, "column": 0 }, "end": { "line": 31, "column": 44 } },
      "31": { "start": { "line": 32, "column": 0 }, "end": { "line": 32, "column": 6 } },
      "32": { "start": { "line": 33, "column": 0 }, "end": { "line": 33, "column": 4 } },
      "33": { "start": { "line": 34, "column": 0 }, "end": { "line": 34, "column": 2 } }
    },
    "s": {
      "0": 0,
      "1": 0,
      "2": 0,
      "4": 0,
      "5": 0,
      "6": 0,
      "7": 0,
      "8": 0,
      "9": 0,
      "10": 0,
      "11": 0,
      "12": 0,
      "13": 0,
      "14": 0,
      "15": 0,
      "16": 0,
      "17": 0,
      "18": 0,
      "19": 0,
      "20": 0,
      "21": 0,
      "22": 0,
      "23": 0,
      "24": 0,
      "25": 0,
      "26": 0,
      "27": 0,
      "28": 0,
      "29": 0,
      "30": 0,
      "31": 0,
      "32": 0,
      "33": 0
    },
    "branchMap": {
      "0": {
        "type": "branch",
        "line": 1,
        "loc": { "start": { "line": 1, "column": 711 }, "end": { "line": 34, "column": 2 } },
        "locations": [{ "start": { "line": 1, "column": 711 }, "end": { "line": 34, "column": 2 } }]
      }
    },
    "b": { "0": [0] },
    "fnMap": {
      "0": {
        "name": "(empty-report)",
        "decl": { "start": { "line": 1, "column": 711 }, "end": { "line": 34, "column": 2 } },
        "loc": { "start": { "line": 1, "column": 711 }, "end": { "line": 34, "column": 2 } },
        "line": 1
      }
    },
    "f": { "0": 0 }
  },
  "/home/abc/repos/dpda-fe/src/App.vue": {
    "path": "/home/abc/repos/dpda-fe/src/App.vue",
    "all": true,
    "statementMap": {
      "1": { "start": { "line": 2, "column": 0 }, "end": { "line": 2, "column": 52 } },
      "5": { "start": { "line": 6, "column": 0 }, "end": { "line": 6, "column": 7 } },
      "6": { "start": { "line": 7, "column": 0 }, "end": { "line": 7, "column": 47 } },
      "7": { "start": { "line": 8, "column": 0 }, "end": { "line": 8, "column": 58 } },
      "8": { "start": { "line": 9, "column": 0 }, "end": { "line": 9, "column": 8 } },
      "9": { "start": { "line": 10, "column": 0 }, "end": { "line": 10, "column": 49 } },
      "10": { "start": { "line": 11, "column": 0 }, "end": { "line": 11, "column": 68 } },
      "11": { "start": { "line": 12, "column": 0 }, "end": { "line": 12, "column": 8 } },
      "12": { "start": { "line": 13, "column": 0 }, "end": { "line": 13, "column": 8 } },
      "13": { "start": { "line": 14, "column": 0 }, "end": { "line": 14, "column": 33 } }
    },
    "s": { "1": 0, "5": 0, "6": 0, "7": 0, "8": 0, "9": 0, "10": 0, "11": 0, "12": 0, "13": 0 },
    "branchMap": {
      "0": {
        "type": "branch",
        "line": 1,
        "loc": { "start": { "line": 1, "column": 645 }, "end": { "line": 30, "column": 8 } },
        "locations": [{ "start": { "line": 1, "column": 645 }, "end": { "line": 30, "column": 8 } }]
      }
    },
    "b": { "0": [1] },
    "fnMap": {
      "0": {
        "name": "(empty-report)",
        "decl": { "start": { "line": 1, "column": 645 }, "end": { "line": 30, "column": 8 } },
        "loc": { "start": { "line": 1, "column": 645 }, "end": { "line": 30, "column": 8 } },
        "line": 1
      }
    },
    "f": { "0": 1 }
  },
  "/home/abc/repos/dpda-fe/src/main.ts": {
    "path": "/home/abc/repos/dpda-fe/src/main.ts",
    "all": true,
    "statementMap": {
      "0": { "start": { "line": 1, "column": 0 }, "end": { "line": 1, "column": 31 } },
      "1": { "start": { "line": 2, "column": 0 }, "end": { "line": 2, "column": 20 } },
      "2": { "start": { "line": 3, "column": 0 }, "end": { "line": 3, "column": 27 } },
      "4": { "start": { "line": 5, "column": 0 }, "end": { "line": 5, "column": 28 } }
    },
    "s": { "0": 0, "1": 0, "2": 0, "4": 0 },
    "branchMap": {
      "0": {
        "type": "branch",
        "line": 1,
        "loc": { "start": { "line": 1, "column": 0 }, "end": { "line": 5, "column": -30 } },
        "locations": [{ "start": { "line": 1, "column": 0 }, "end": { "line": 5, "column": -30 } }]
      }
    },
    "b": { "0": [0] },
    "fnMap": {
      "0": {
        "name": "(empty-report)",
        "decl": { "start": { "line": 1, "column": 0 }, "end": { "line": 5, "column": -30 } },
        "loc": { "start": { "line": 1, "column": 0 }, "end": { "line": 5, "column": -30 } },
        "line": 1
      }
    },
    "f": { "0": 0 }
  },
  "/home/abc/repos/dpda-fe/src/api/client.ts": {
    "path": "/home/abc/repos/dpda-fe/src/api/client.ts",
    "all": true,
    "statementMap": {},
    "s": {},
    "branchMap": {
      "0": {
        "type": "branch",
        "line": 1,
        "loc": { "start": { "line": 1, "column": 0 }, "end": { "line": 1, "column": 0 } },
        "locations": [{ "start": { "line": 1, "column": 0 }, "end": { "line": 1, "column": 0 } }]
      }
    },
    "b": { "0": [1] },
    "fnMap": {
      "0": {
        "name": "(empty-report)",
        "decl": { "start": { "line": 1, "column": 0 }, "end": { "line": 1, "column": 0 } },
        "loc": { "start": { "line": 1, "column": 0 }, "end": { "line": 1, "column": 0 } },
        "line": 1
      }
    },
    "f": { "0": 1 }
  },
  "/home/abc/repos/dpda-fe/src/api/types.ts": {
    "path": "/home/abc/repos/dpda-fe/src/api/types.ts",
    "all": true,
    "statementMap": {},
    "s": {},
    "branchMap": {
      "0": {
        "type": "branch",
        "line": 1,
        "loc": { "start": { "line": 1, "column": 0 }, "end": { "line": 1, "column": 0 } },
        "locations": [{ "start": { "line": 1, "column": 0 }, "end": { "line": 1, "column": 0 } }]
      }
    },
    "b": { "0": [1] },
    "fnMap": {
      "0": {
        "name": "(empty-report)",
        "decl": { "start": { "line": 1, "column": 0 }, "end": { "line": 1, "column": 0 } },
        "loc": { "start": { "line": 1, "column": 0 }, "end": { "line": 1, "column": 0 } },
        "line": 1
      }
    },
    "f": { "0": 1 }
  },
  "/home/abc/repos/dpda-fe/src/components/HelloWorld.vue": {
    "path": "/home/abc/repos/dpda-fe/src/components/HelloWorld.vue",
    "all": true,
    "statementMap": {
      "1": { "start": { "line": 2, "column": 0 }, "end": { "line": 2, "column": 25 } },
      "5": { "start": { "line": 6, "column": 0 }, "end": { "line": 6, "column": 20 } },
      "9": { "start": { "line": 10, "column": 0 }, "end": { "line": 10, "column": 20 } },
      "11": { "start": { "line": 12, "column": 0 }, "end": { "line": 12, "column": 20 } },
      "12": { "start": { "line": 13, "column": 0 }, "end": { "line": 13, "column": 72 } },
      "13": { "start": { "line": 14, "column": 0 }, "end": { "line": 14, "column": 7 } },
      "15": { "start": { "line": 16, "column": 0 }, "end": { "line": 16, "column": 56 } },
      "16": { "start": { "line": 17, "column": 0 }, "end": { "line": 17, "column": 8 } },
      "17": { "start": { "line": 18, "column": 0 }, "end": { "line": 18, "column": 8 } },
      "19": { "start": { "line": 20, "column": 0 }, "end": { "line": 20, "column": 5 } },
      "21": { "start": { "line": 22, "column": 0 }, "end": { "line": 22, "column": 96 } },
      "23": { "start": { "line": 24, "column": 0 }, "end": { "line": 24, "column": 6 } },
      "24": { "start": { "line": 25, "column": 0 }, "end": { "line": 25, "column": 5 } },
      "26": { "start": { "line": 27, "column": 0 }, "end": { "line": 27, "column": 89 } },
      "27": { "start": { "line": 28, "column": 0 }, "end": { "line": 28, "column": 35 } },
      "28": { "start": { "line": 29, "column": 0 }, "end": { "line": 29, "column": 6 } },
      "29": { "start": { "line": 30, "column": 0 }, "end": { "line": 30, "column": 6 } },
      "30": { "start": { "line": 31, "column": 0 }, "end": { "line": 31, "column": 76 } }
    },
    "s": {
      "1": 0,
      "5": 0,
      "9": 0,
      "11": 0,
      "12": 0,
      "13": 0,
      "15": 0,
      "16": 0,
      "17": 0,
      "19": 0,
      "21": 0,
      "23": 0,
      "24": 0,
      "26": 0,
      "27": 0,
      "28": 0,
      "29": 0,
      "30": 0
    },
    "branchMap": {
      "0": {
        "type": "branch",
        "line": 1,
        "loc": { "start": { "line": 1, "column": 835 }, "end": { "line": 38, "column": 8 } },
        "locations": [{ "start": { "line": 1, "column": 835 }, "end": { "line": 38, "column": 8 } }]
      }
    },
    "b": { "0": [1] },
    "fnMap": {
      "0": {
        "name": "(empty-report)",
        "decl": { "start": { "line": 1, "column": 835 }, "end": { "line": 38, "column": 8 } },
        "loc": { "start": { "line": 1, "column": 835 }, "end": { "line": 38, "column": 8 } },
        "line": 1
      }
    },
    "f": { "0": 1 }
  },
  "/home/abc/repos/dpda-fe/src/components/ui/alert/Alert.vue": {
    "path": "/home/abc/repos/dpda-fe/src/components/ui/alert/Alert.vue",
    "all": true,
    "statementMap": {
      "3": { "start": { "line": 4, "column": 0 }, "end": { "line": 4, "column": 32 } },
      "4": { "start": { "line": 5, "column": 0 }, "end": { "line": 5, "column": 33 } },
      "6": { "start": { "line": 7, "column": 0 }, "end": { "line": 7, "column": 27 } },
      "13": { "start": { "line": 14, "column": 0 }, "end": { "line": 14, "column": 91 } },
      "14": { "start": { "line": 15, "column": 0 }, "end": { "line": 15, "column": 12 } },
      "15": { "start": { "line": 16, "column": 0 }, "end": { "line": 16, "column": 8 } }
    },
    "s": { "3": 0, "4": 0, "6": 0, "13": 0, "14": 0, "15": 0 },
    "branchMap": {
      "0": {
        "type": "branch",
        "line": 1,
        "loc": { "start": { "line": 1, "column": 425 }, "end": { "line": 17, "column": 11 } },
        "locations": [
          { "start": { "line": 1, "column": 425 }, "end": { "line": 17, "column": 11 } }
        ]
      }
    },
    "b": { "0": [1] },
    "fnMap": {
      "0": {
        "name": "(empty-report)",
        "decl": { "start": { "line": 1, "column": 425 }, "end": { "line": 17, "column": 11 } },
        "loc": { "start": { "line": 1, "column": 425 }, "end": { "line": 17, "column": 11 } },
        "line": 1
      }
    },
    "f": { "0": 1 }
  },
  "/home/abc/repos/dpda-fe/src/components/ui/alert/AlertDescription.vue": {
    "path": "/home/abc/repos/dpda-fe/src/components/ui/alert/AlertDescription.vue",
    "all": true,
    "statementMap": {
      "2": { "start": { "line": 3, "column": 0 }, "end": { "line": 3, "column": 32 } },
      "4": { "start": { "line": 5, "column": 0 }, "end": { "line": 5, "column": 27 } },
      "10": { "start": { "line": 11, "column": 0 }, "end": { "line": 11, "column": 6 } },
      "11": { "start": { "line": 12, "column": 0 }, "end": { "line": 12, "column": 33 } },
      "12": { "start": { "line": 13, "column": 0 }, "end": { "line": 13, "column": 12 } },
      "19": { "start": { "line": 20, "column": 0 }, "end": { "line": 20, "column": 12 } },
      "20": { "start": { "line": 21, "column": 0 }, "end": { "line": 21, "column": 8 } }
    },
    "s": { "2": 0, "4": 0, "10": 0, "11": 0, "12": 0, "19": 0, "20": 0 },
    "branchMap": {
      "0": {
        "type": "branch",
        "line": 1,
        "loc": { "start": { "line": 1, "column": 431 }, "end": { "line": 22, "column": 11 } },
        "locations": [
          { "start": { "line": 1, "column": 431 }, "end": { "line": 22, "column": 11 } }
        ]
      }
    },
    "b": { "0": [1] },
    "fnMap": {
      "0": {
        "name": "(empty-report)",
        "decl": { "start": { "line": 1, "column": 431 }, "end": { "line": 22, "column": 11 } },
        "loc": { "start": { "line": 1, "column": 431 }, "end": { "line": 22, "column": 11 } },
        "line": 1
      }
    },
    "f": { "0": 1 }
  },
  "/home/abc/repos/dpda-fe/src/components/ui/alert/AlertTitle.vue": {
    "path": "/home/abc/repos/dpda-fe/src/components/ui/alert/AlertTitle.vue",
    "all": true,
    "statementMap": {
      "2": { "start": { "line": 3, "column": 0 }, "end": { "line": 3, "column": 32 } },
      "4": { "start": { "line": 5, "column": 0 }, "end": { "line": 5, "column": 27 } },
      "10": { "start": { "line": 11, "column": 0 }, "end": { "line": 11, "column": 6 } },
      "11": { "start": { "line": 12, "column": 0 }, "end": { "line": 12, "column": 27 } },
      "12": { "start": { "line": 13, "column": 0 }, "end": { "line": 13, "column": 91 } },
      "14": { "start": { "line": 15, "column": 0 }, "end": { "line": 15, "column": 12 } },
      "15": { "start": { "line": 16, "column": 0 }, "end": { "line": 16, "column": 8 } }
    },
    "s": { "2": 0, "4": 0, "10": 0, "11": 0, "12": 0, "14": 0, "15": 0 },
    "branchMap": {
      "0": {
        "type": "branch",
        "line": 1,
        "loc": { "start": { "line": 1, "column": 354 }, "end": { "line": 17, "column": 11 } },
        "locations": [
          { "start": { "line": 1, "column": 354 }, "end": { "line": 17, "column": 11 } }
        ]
      }
    },
    "b": { "0": [1] },
    "fnMap": {
      "0": {
        "name": "(empty-report)",
        "decl": { "start": { "line": 1, "column": 354 }, "end": { "line": 17, "column": 11 } },
        "loc": { "start": { "line": 1, "column": 354 }, "end": { "line": 17, "column": 11 } },
        "line": 1
      }
    },
    "f": { "0": 1 }
  },
  "/home/abc/repos/dpda-fe/src/components/ui/alert/index.ts": {
    "path": "/home/abc/repos/dpda-fe/src/components/ui/alert/index.ts",
    "all": true,
    "statementMap": {
      "1": { "start": { "line": 2, "column": 0 }, "end": { "line": 2, "column": 46 } },
      "3": { "start": { "line": 4, "column": 0 }, "end": { "line": 4, "column": 46 } },
      "4": { "start": { "line": 5, "column": 0 }, "end": { "line": 5, "column": 68 } },
      "5": { "start": { "line": 6, "column": 0 }, "end": { "line": 6, "column": 56 } },
      "7": { "start": { "line": 8, "column": 0 }, "end": { "line": 8, "column": 33 } },
      "8": { "start": { "line": 9, "column": 0 }, "end": { "line": 9, "column": 230 } },
      "9": { "start": { "line": 10, "column": 0 }, "end": { "line": 10, "column": 3 } },
      "10": { "start": { "line": 11, "column": 0 }, "end": { "line": 11, "column": 15 } },
      "11": { "start": { "line": 12, "column": 0 }, "end": { "line": 12, "column": 16 } },
      "12": { "start": { "line": 13, "column": 0 }, "end": { "line": 13, "column": 48 } },
      "13": { "start": { "line": 14, "column": 0 }, "end": { "line": 14, "column": 20 } },
      "14": { "start": { "line": 15, "column": 0 }, "end": { "line": 15, "column": 110 } },
      "15": { "start": { "line": 16, "column": 0 }, "end": { "line": 16, "column": 8 } },
      "16": { "start": { "line": 17, "column": 0 }, "end": { "line": 17, "column": 6 } },
      "17": { "start": { "line": 18, "column": 0 }, "end": { "line": 18, "column": 22 } },
      "18": { "start": { "line": 19, "column": 0 }, "end": { "line": 19, "column": 25 } },
      "19": { "start": { "line": 20, "column": 0 }, "end": { "line": 20, "column": 6 } },
      "20": { "start": { "line": 21, "column": 0 }, "end": { "line": 21, "column": 3 } },
      "21": { "start": { "line": 22, "column": 0 }, "end": { "line": 22, "column": 1 } }
    },
    "s": {
      "1": 0,
      "3": 0,
      "4": 0,
      "5": 0,
      "7": 0,
      "8": 0,
      "9": 0,
      "10": 0,
      "11": 0,
      "12": 0,
      "13": 0,
      "14": 0,
      "15": 0,
      "16": 0,
      "17": 0,
      "18": 0,
      "19": 0,
      "20": 0,
      "21": 0
    },
    "branchMap": {
      "0": {
        "type": "branch",
        "line": 1,
        "loc": { "start": { "line": 1, "column": 907 }, "end": { "line": 24, "column": 62 } },
        "locations": [
          { "start": { "line": 1, "column": 907 }, "end": { "line": 24, "column": 62 } }
        ]
      }
    },
    "b": { "0": [1] },
    "fnMap": {
      "0": {
        "name": "(empty-report)",
        "decl": { "start": { "line": 1, "column": 907 }, "end": { "line": 24, "column": 62 } },
        "loc": { "start": { "line": 1, "column": 907 }, "end": { "line": 24, "column": 62 } },
        "line": 1
      }
    },
    "f": { "0": 1 }
  },
  "/home/abc/repos/dpda-fe/src/components/ui/button/Button.vue": {
    "path": "/home/abc/repos/dpda-fe/src/components/ui/button/Button.vue",
    "all": true,
    "statementMap": {
      "4": { "start": { "line": 5, "column": 0 }, "end": { "line": 5, "column": 35 } },
      "5": { "start": { "line": 6, "column": 0 }, "end": { "line": 6, "column": 32 } },
      "6": { "start": { "line": 7, "column": 0 }, "end": { "line": 7, "column": 34 } },
      "14": { "start": { "line": 15, "column": 0 }, "end": { "line": 15, "column": 50 } },
      "20": { "start": { "line": 21, "column": 0 }, "end": { "line": 21, "column": 12 } },
      "21": { "start": { "line": 22, "column": 0 }, "end": { "line": 22, "column": 22 } },
      "22": { "start": { "line": 23, "column": 0 }, "end": { "line": 23, "column": 12 } },
      "23": { "start": { "line": 24, "column": 0 }, "end": { "line": 24, "column": 23 } },
      "24": { "start": { "line": 25, "column": 0 }, "end": { "line": 25, "column": 63 } },
      "26": { "start": { "line": 27, "column": 0 }, "end": { "line": 27, "column": 12 } },
      "27": { "start": { "line": 28, "column": 0 }, "end": { "line": 28, "column": 14 } }
    },
    "s": {
      "4": 0,
      "5": 0,
      "6": 0,
      "14": 0,
      "20": 0,
      "21": 0,
      "22": 0,
      "23": 0,
      "24": 0,
      "26": 0,
      "27": 0
    },
    "branchMap": {
      "0": {
        "type": "branch",
        "line": 1,
        "loc": { "start": { "line": 1, "column": 678 }, "end": { "line": 29, "column": 11 } },
        "locations": [
          { "start": { "line": 1, "column": 678 }, "end": { "line": 29, "column": 11 } }
        ]
      }
    },
    "b": { "0": [1] },
    "fnMap": {
      "0": {
        "name": "(empty-report)",
        "decl": { "start": { "line": 1, "column": 678 }, "end": { "line": 29, "column": 11 } },
        "loc": { "start": { "line": 1, "column": 678 }, "end": { "line": 29, "column": 11 } },
        "line": 1
      }
    },
    "f": { "0": 1 }
  },
  "/home/abc/repos/dpda-fe/src/components/ui/button/index.ts": {
    "path": "/home/abc/repos/dpda-fe/src/components/ui/button/index.ts",
    "all": true,
    "statementMap": {
      "1": { "start": { "line": 2, "column": 0 }, "end": { "line": 2, "column": 46 } },
      "3": { "start": { "line": 4, "column": 0 }, "end": { "line": 4, "column": 48 } },
      "5": { "start": { "line": 6, "column": 0 }, "end": { "line": 6, "column": 34 } },
      "6": { "start": { "line": 7, "column": 0 }, "end": { "line": 7, "column": 448 } },
      "7": { "start": { "line": 8, "column": 0 }, "end": { "line": 8, "column": 3 } },
      "8": { "start": { "line": 9, "column": 0 }, "end": { "line": 9, "column": 15 } },
      "9": { "start": { "line": 10, "column": 0 }, "end": { "line": 10, "column": 16 } },
      "10": { "start": { "line": 11, "column": 0 }, "end": { "line": 11, "column": 84 } },
      "11": { "start": { "line": 12, "column": 0 }, "end": { "line": 12, "column": 20 } },
      "12": { "start": { "line": 13, "column": 0 }, "end": { "line": 13, "column": 168 } },
      "13": { "start": { "line": 14, "column": 0 }, "end": { "line": 14, "column": 16 } },
      "14": { "start": { "line": 15, "column": 0 }, "end": { "line": 15, "column": 146 } },
      "15": { "start": { "line": 16, "column": 0 }, "end": { "line": 16, "column": 92 } },
      "16": { "start": { "line": 17, "column": 0 }, "end": { "line": 17, "column": 86 } },
      "17": { "start": { "line": 18, "column": 0 }, "end": { "line": 18, "column": 64 } },
      "18": { "start": { "line": 19, "column": 0 }, "end": { "line": 19, "column": 8 } },
      "19": { "start": { "line": 20, "column": 0 }, "end": { "line": 20, "column": 13 } },
      "20": { "start": { "line": 21, "column": 0 }, "end": { "line": 21, "column": 49 } },
      "21": { "start": { "line": 22, "column": 0 }, "end": { "line": 22, "column": 60 } },
      "22": { "start": { "line": 23, "column": 0 }, "end": { "line": 23, "column": 51 } },
      "23": { "start": { "line": 24, "column": 0 }, "end": { "line": 24, "column": 23 } },
      "24": { "start": { "line": 25, "column": 0 }, "end": { "line": 25, "column": 28 } },
      "25": { "start": { "line": 26, "column": 0 }, "end": { "line": 26, "column": 29 } },
      "26": { "start": { "line": 27, "column": 0 }, "end": { "line": 27, "column": 8 } },
      "27": { "start": { "line": 28, "column": 0 }, "end": { "line": 28, "column": 6 } },
      "28": { "start": { "line": 29, "column": 0 }, "end": { "line": 29, "column": 22 } },
      "29": { "start": { "line": 30, "column": 0 }, "end": { "line": 30, "column": 25 } },
      "30": { "start": { "line": 31, "column": 0 }, "end": { "line": 31, "column": 22 } },
      "31": { "start": { "line": 32, "column": 0 }, "end": { "line": 32, "column": 6 } },
      "32": { "start": { "line": 33, "column": 0 }, "end": { "line": 33, "column": 3 } },
      "33": { "start": { "line": 34, "column": 0 }, "end": { "line": 34, "column": 1 } }
    },
    "s": {
      "1": 0,
      "3": 0,
      "5": 0,
      "6": 0,
      "7": 0,
      "8": 0,
      "9": 0,
      "10": 0,
      "11": 0,
      "12": 0,
      "13": 0,
      "14": 0,
      "15": 0,
      "16": 0,
      "17": 0,
      "18": 0,
      "19": 0,
      "20": 0,
      "21": 0,
      "22": 0,
      "23": 0,
      "24": 0,
      "25": 0,
      "26": 0,
      "27": 0,
      "28": 0,
      "29": 0,
      "30": 0,
      "31": 0,
      "32": 0,
      "33": 0
    },
    "branchMap": {
      "0": {
        "type": "branch",
        "line": 1,
        "loc": { "start": { "line": 1, "column": 1799 }, "end": { "line": 36, "column": 64 } },
        "locations": [
          { "start": { "line": 1, "column": 1799 }, "end": { "line": 36, "column": 64 } }
        ]
      }
    },
    "b": { "0": [1] },
    "fnMap": {
      "0": {
        "name": "(empty-report)",
        "decl": { "start": { "line": 1, "column": 1799 }, "end": { "line": 36, "column": 64 } },
        "loc": { "start": { "line": 1, "column": 1799 }, "end": { "line": 36, "column": 64 } },
        "line": 1
      }
    },
    "f": { "0": 1 }
  },
  "/home/abc/repos/dpda-fe/src/components/ui/card/Card.vue": {
    "path": "/home/abc/repos/dpda-fe/src/components/ui/card/Card.vue",
    "all": true,
    "statementMap": {
      "2": { "start": { "line": 3, "column": 0 }, "end": { "line": 3, "column": 32 } },
      "4": { "start": { "line": 5, "column": 0 }, "end": { "line": 5, "column": 27 } },
      "10": { "start": { "line": 11, "column": 0 }, "end": { "line": 11, "column": 6 } },
      "11": { "start": { "line": 12, "column": 0 }, "end": { "line": 12, "column": 20 } },
      "12": { "start": { "line": 13, "column": 0 }, "end": { "line": 13, "column": 12 } },
      "19": { "start": { "line": 20, "column": 0 }, "end": { "line": 20, "column": 12 } },
      "20": { "start": { "line": 21, "column": 0 }, "end": { "line": 21, "column": 8 } }
    },
    "s": { "2": 0, "4": 0, "10": 0, "11": 0, "12": 0, "19": 0, "20": 0 },
    "branchMap": {
      "0": {
        "type": "branch",
        "line": 1,
        "loc": { "start": { "line": 1, "column": 405 }, "end": { "line": 22, "column": 11 } },
        "locations": [
          { "start": { "line": 1, "column": 405 }, "end": { "line": 22, "column": 11 } }
        ]
      }
    },
    "b": { "0": [1] },
    "fnMap": {
      "0": {
        "name": "(empty-report)",
        "decl": { "start": { "line": 1, "column": 405 }, "end": { "line": 22, "column": 11 } },
        "loc": { "start": { "line": 1, "column": 405 }, "end": { "line": 22, "column": 11 } },
        "line": 1
      }
    },
    "f": { "0": 1 }
  },
  "/home/abc/repos/dpda-fe/src/components/ui/card/CardAction.vue": {
    "path": "/home/abc/repos/dpda-fe/src/components/ui/card/CardAction.vue",
    "all": true,
    "statementMap": {
      "2": { "start": { "line": 3, "column": 0 }, "end": { "line": 3, "column": 32 } },
      "4": { "start": { "line": 5, "column": 0 }, "end": { "line": 5, "column": 27 } },
      "10": { "start": { "line": 11, "column": 0 }, "end": { "line": 11, "column": 6 } },
      "11": { "start": { "line": 12, "column": 0 }, "end": { "line": 12, "column": 27 } },
      "12": { "start": { "line": 13, "column": 0 }, "end": { "line": 13, "column": 94 } },
      "14": { "start": { "line": 15, "column": 0 }, "end": { "line": 15, "column": 12 } },
      "15": { "start": { "line": 16, "column": 0 }, "end": { "line": 16, "column": 8 } }
    },
    "s": { "2": 0, "4": 0, "10": 0, "11": 0, "12": 0, "14": 0, "15": 0 },
    "branchMap": {
      "0": {
        "type": "branch",
        "line": 1,
        "loc": { "start": { "line": 1, "column": 357 }, "end": { "line": 17, "column": 11 } },
        "locations": [
          { "start": { "line": 1, "column": 357 }, "end": { "line": 17, "column": 11 } }
        ]
      }
    },
    "b": { "0": [1] },
    "fnMap": {
      "0": {
        "name": "(empty-report)",
        "decl": { "start": { "line": 1, "column": 357 }, "end": { "line": 17, "column": 11 } },
        "loc": { "start": { "line": 1, "column": 357 }, "end": { "line": 17, "column": 11 } },
        "line": 1
      }
    },
    "f": { "0": 1 }
  },
  "/home/abc/repos/dpda-fe/src/components/ui/card/CardContent.vue": {
    "path": "/home/abc/repos/dpda-fe/src/components/ui/card/CardContent.vue",
    "all": true,
    "statementMap": {
      "2": { "start": { "line": 3, "column": 0 }, "end": { "line": 3, "column": 32 } },
      "4": { "start": { "line": 5, "column": 0 }, "end": { "line": 5, "column": 27 } },
      "10": { "start": { "line": 11, "column": 0 }, "end": { "line": 11, "column": 65 } },
      "11": { "start": { "line": 12, "column": 0 }, "end": { "line": 12, "column": 12 } },
      "12": { "start": { "line": 13, "column": 0 }, "end": { "line": 13, "column": 8 } }
    },
    "s": { "2": 0, "4": 0, "10": 0, "11": 0, "12": 0 },
    "branchMap": {
      "0": {
        "type": "branch",
        "line": 1,
        "loc": { "start": { "line": 1, "column": 289 }, "end": { "line": 14, "column": 11 } },
        "locations": [
          { "start": { "line": 1, "column": 289 }, "end": { "line": 14, "column": 11 } }
        ]
      }
    },
    "b": { "0": [1] },
    "fnMap": {
      "0": {
        "name": "(empty-report)",
        "decl": { "start": { "line": 1, "column": 289 }, "end": { "line": 14, "column": 11 } },
        "loc": { "start": { "line": 1, "column": 289 }, "end": { "line": 14, "column": 11 } },
        "line": 1
      }
    },
    "f": { "0": 1 }
  },
  "/home/abc/repos/dpda-fe/src/components/ui/card/CardDescription.vue": {
    "path": "/home/abc/repos/dpda-fe/src/components/ui/card/CardDescription.vue",
    "all": true,
    "statementMap": {
      "2": { "start": { "line": 3, "column": 0 }, "end": { "line": 3, "column": 32 } },
      "4": { "start": { "line": 5, "column": 0 }, "end": { "line": 5, "column": 27 } },
      "10": { "start": { "line": 11, "column": 0 }, "end": { "line": 11, "column": 92 } },
      "11": { "start": { "line": 12, "column": 0 }, "end": { "line": 12, "column": 12 } },
      "12": { "start": { "line": 13, "column": 0 }, "end": { "line": 13, "column": 6 } }
    },
    "s": { "2": 0, "4": 0, "10": 0, "11": 0, "12": 0 },
    "branchMap": {
      "0": {
        "type": "branch",
        "line": 1,
        "loc": { "start": { "line": 1, "column": 314 }, "end": { "line": 14, "column": 11 } },
        "locations": [
          { "start": { "line": 1, "column": 314 }, "end": { "line": 14, "column": 11 } }
        ]
      }
    },
    "b": { "0": [1] },
    "fnMap": {
      "0": {
        "name": "(empty-report)",
        "decl": { "start": { "line": 1, "column": 314 }, "end": { "line": 14, "column": 11 } },
        "loc": { "start": { "line": 1, "column": 314 }, "end": { "line": 14, "column": 11 } },
        "line": 1
      }
    },
    "f": { "0": 1 }
  },
  "/home/abc/repos/dpda-fe/src/components/ui/card/CardFooter.vue": {
    "path": "/home/abc/repos/dpda-fe/src/components/ui/card/CardFooter.vue",
    "all": true,
    "statementMap": {
      "2": { "start": { "line": 3, "column": 0 }, "end": { "line": 3, "column": 32 } },
      "4": { "start": { "line": 5, "column": 0 }, "end": { "line": 5, "column": 27 } },
      "10": { "start": { "line": 11, "column": 0 }, "end": { "line": 11, "column": 99 } },
      "11": { "start": { "line": 12, "column": 0 }, "end": { "line": 12, "column": 12 } },
      "12": { "start": { "line": 13, "column": 0 }, "end": { "line": 13, "column": 8 } }
    },
    "s": { "2": 0, "4": 0, "10": 0, "11": 0, "12": 0 },
    "branchMap": {
      "0": {
        "type": "branch",
        "line": 1,
        "loc": { "start": { "line": 1, "column": 323 }, "end": { "line": 14, "column": 11 } },
        "locations": [
          { "start": { "line": 1, "column": 323 }, "end": { "line": 14, "column": 11 } }
        ]
      }
    },
    "b": { "0": [1] },
    "fnMap": {
      "0": {
        "name": "(empty-report)",
        "decl": { "start": { "line": 1, "column": 323 }, "end": { "line": 14, "column": 11 } },
        "loc": { "start": { "line": 1, "column": 323 }, "end": { "line": 14, "column": 11 } },
        "line": 1
      }
    },
    "f": { "0": 1 }
  },
  "/home/abc/repos/dpda-fe/src/components/ui/card/CardHeader.vue": {
    "path": "/home/abc/repos/dpda-fe/src/components/ui/card/CardHeader.vue",
    "all": true,
    "statementMap": {
      "2": { "start": { "line": 3, "column": 0 }, "end": { "line": 3, "column": 32 } },
      "4": { "start": { "line": 5, "column": 0 }, "end": { "line": 5, "column": 27 } },
      "10": { "start": { "line": 11, "column": 0 }, "end": { "line": 11, "column": 6 } },
      "11": { "start": { "line": 12, "column": 0 }, "end": { "line": 12, "column": 27 } },
      "12": { "start": { "line": 13, "column": 0 }, "end": { "line": 13, "column": 12 } },
      "19": { "start": { "line": 20, "column": 0 }, "end": { "line": 20, "column": 12 } },
      "20": { "start": { "line": 21, "column": 0 }, "end": { "line": 21, "column": 8 } }
    },
    "s": { "2": 0, "4": 0, "10": 0, "11": 0, "12": 0, "19": 0, "20": 0 },
    "branchMap": {
      "0": {
        "type": "branch",
        "line": 1,
        "loc": { "start": { "line": 1, "column": 485 }, "end": { "line": 22, "column": 11 } },
        "locations": [
          { "start": { "line": 1, "column": 485 }, "end": { "line": 22, "column": 11 } }
        ]
      }
    },
    "b": { "0": [1] },
    "fnMap": {
      "0": {
        "name": "(empty-report)",
        "decl": { "start": { "line": 1, "column": 485 }, "end": { "line": 22, "column": 11 } },
        "loc": { "start": { "line": 1, "column": 485 }, "end": { "line": 22, "column": 11 } },
        "line": 1
      }
    },
    "f": { "0": 1 }
  },
  "/home/abc/repos/dpda-fe/src/components/ui/card/CardTitle.vue": {
    "path": "/home/abc/repos/dpda-fe/src/components/ui/card/CardTitle.vue",
    "all": true,
    "statementMap": {
      "2": { "start": { "line": 3, "column": 0 }, "end": { "line": 3, "column": 32 } },
      "4": { "start": { "line": 5, "column": 0 }, "end": { "line": 5, "column": 27 } },
      "10": { "start": { "line": 11, "column": 0 }, "end": { "line": 11, "column": 84 } },
      "11": { "start": { "line": 12, "column": 0 }, "end": { "line": 12, "column": 12 } },
      "12": { "start": { "line": 13, "column": 0 }, "end": { "line": 13, "column": 7 } }
    },
    "s": { "2": 0, "4": 0, "10": 0, "11": 0, "12": 0 },
    "branchMap": {
      "0": {
        "type": "branch",
        "line": 1,
        "loc": { "start": { "line": 1, "column": 307 }, "end": { "line": 14, "column": 11 } },
        "locations": [
          { "start": { "line": 1, "column": 307 }, "end": { "line": 14, "column": 11 } }
        ]
      }
    },
    "b": { "0": [1] },
    "fnMap": {
      "0": {
        "name": "(empty-report)",
        "decl": { "start": { "line": 1, "column": 307 }, "end": { "line": 14, "column": 11 } },
        "loc": { "start": { "line": 1, "column": 307 }, "end": { "line": 14, "column": 11 } },
        "line": 1
      }
    },
    "f": { "0": 1 }
  },
  "/home/abc/repos/dpda-fe/src/components/ui/card/index.ts": {
    "path": "/home/abc/repos/dpda-fe/src/components/ui/card/index.ts",
    "all": true,
    "statementMap": {
      "0": { "start": { "line": 1, "column": 0 }, "end": { "line": 1, "column": 44 } },
      "1": { "start": { "line": 2, "column": 0 }, "end": { "line": 2, "column": 56 } },
      "2": { "start": { "line": 3, "column": 0 }, "end": { "line": 3, "column": 58 } },
      "3": { "start": { "line": 4, "column": 0 }, "end": { "line": 4, "column": 66 } },
      "4": { "start": { "line": 5, "column": 0 }, "end": { "line": 5, "column": 56 } },
      "5": { "start": { "line": 6, "column": 0 }, "end": { "line": 6, "column": 56 } },
      "6": { "start": { "line": 7, "column": 0 }, "end": { "line": 7, "column": 54 } }
    },
    "s": { "0": 0, "1": 0, "2": 0, "3": 0, "4": 0, "5": 0, "6": 0 },
    "branchMap": {
      "0": {
        "type": "branch",
        "line": 1,
        "loc": { "start": { "line": 1, "column": 396 }, "end": { "line": 7, "column": 54 } },
        "locations": [{ "start": { "line": 1, "column": 396 }, "end": { "line": 7, "column": 54 } }]
      }
    },
    "b": { "0": [0] },
    "fnMap": {
      "0": {
        "name": "(empty-report)",
        "decl": { "start": { "line": 1, "column": 396 }, "end": { "line": 7, "column": 54 } },
        "loc": { "start": { "line": 1, "column": 396 }, "end": { "line": 7, "column": 54 } },
        "line": 1
      }
    },
    "f": { "0": 0 }
  },
  "/home/abc/repos/dpda-fe/src/components/ui/dialog/Dialog.vue": {
    "path": "/home/abc/repos/dpda-fe/src/components/ui/dialog/Dialog.vue",
    "all": true,
    "statementMap": {
      "2": { "start": { "line": 3, "column": 0 }, "end": { "line": 3, "column": 58 } },
      "4": { "start": { "line": 5, "column": 0 }, "end": { "line": 5, "column": 44 } },
      "5": { "start": { "line": 6, "column": 0 }, "end": { "line": 6, "column": 44 } },
      "7": { "start": { "line": 8, "column": 0 }, "end": { "line": 8, "column": 52 } },
      "11": { "start": { "line": 12, "column": 0 }, "end": { "line": 12, "column": 52 } },
      "12": { "start": { "line": 13, "column": 0 }, "end": { "line": 13, "column": 12 } },
      "13": { "start": { "line": 14, "column": 0 }, "end": { "line": 14, "column": 15 } }
    },
    "s": { "2": 0, "4": 0, "5": 0, "7": 0, "11": 0, "12": 0, "13": 0 },
    "branchMap": {
      "0": {
        "type": "branch",
        "line": 1,
        "loc": { "start": { "line": 1, "column": 408 }, "end": { "line": 15, "column": 11 } },
        "locations": [
          { "start": { "line": 1, "column": 408 }, "end": { "line": 15, "column": 11 } }
        ]
      }
    },
    "b": { "0": [1] },
    "fnMap": {
      "0": {
        "name": "(empty-report)",
        "decl": { "start": { "line": 1, "column": 408 }, "end": { "line": 15, "column": 11 } },
        "loc": { "start": { "line": 1, "column": 408 }, "end": { "line": 15, "column": 11 } },
        "line": 1
      }
    },
    "f": { "0": 1 }
  },
  "/home/abc/repos/dpda-fe/src/components/ui/dialog/DialogClose.vue": {
    "path": "/home/abc/repos/dpda-fe/src/components/ui/dialog/DialogClose.vue",
    "all": true,
    "statementMap": {
      "2": { "start": { "line": 3, "column": 0 }, "end": { "line": 3, "column": 37 } },
      "4": { "start": { "line": 5, "column": 0 }, "end": { "line": 5, "column": 45 } },
      "8": { "start": { "line": 9, "column": 0 }, "end": { "line": 9, "column": 55 } },
      "9": { "start": { "line": 10, "column": 0 }, "end": { "line": 10, "column": 12 } },
      "10": { "start": { "line": 11, "column": 0 }, "end": { "line": 11, "column": 16 } }
    },
    "s": { "2": 0, "4": 0, "8": 0, "9": 0, "10": 0 },
    "branchMap": {
      "0": {
        "type": "branch",
        "line": 1,
        "loc": { "start": { "line": 1, "column": 277 }, "end": { "line": 12, "column": 11 } },
        "locations": [
          { "start": { "line": 1, "column": 277 }, "end": { "line": 12, "column": 11 } }
        ]
      }
    },
    "b": { "0": [1] },
    "fnMap": {
      "0": {
        "name": "(empty-report)",
        "decl": { "start": { "line": 1, "column": 277 }, "end": { "line": 12, "column": 11 } },
        "loc": { "start": { "line": 1, "column": 277 }, "end": { "line": 12, "column": 11 } },
        "line": 1
      }
    },
    "f": { "0": 1 }
  },
  "/home/abc/repos/dpda-fe/src/components/ui/dialog/DialogContent.vue": {
    "path": "/home/abc/repos/dpda-fe/src/components/ui/dialog/DialogContent.vue",
    "all": true,
    "statementMap": {
      "3": { "start": { "line": 4, "column": 0 }, "end": { "line": 4, "column": 43 } },
      "4": { "start": { "line": 5, "column": 0 }, "end": { "line": 5, "column": 35 } },
      "5": { "start": { "line": 6, "column": 0 }, "end": { "line": 6, "column": 88 } },
      "6": { "start": { "line": 7, "column": 0 }, "end": { "line": 7, "column": 32 } },
      "7": { "start": { "line": 8, "column": 0 }, "end": { "line": 8, "column": 47 } },
      "9": { "start": { "line": 10, "column": 0 }, "end": { "line": 10, "column": 85 } },
      "10": { "start": { "line": 11, "column": 0 }, "end": { "line": 11, "column": 47 } },
      "12": { "start": { "line": 13, "column": 0 }, "end": { "line": 13, "column": 51 } },
      "14": { "start": { "line": 15, "column": 0 }, "end": { "line": 15, "column": 61 } },
      "18": { "start": { "line": 19, "column": 0 }, "end": { "line": 19, "column": 16 } },
      "19": { "start": { "line": 20, "column": 0 }, "end": { "line": 20, "column": 21 } },
      "20": { "start": { "line": 21, "column": 0 }, "end": { "line": 21, "column": 18 } },
      "21": { "start": { "line": 22, "column": 0 }, "end": { "line": 22, "column": 32 } },
      "22": { "start": { "line": 23, "column": 0 }, "end": { "line": 23, "column": 24 } },
      "23": { "start": { "line": 24, "column": 0 }, "end": { "line": 24, "column": 14 } },
      "30": { "start": { "line": 31, "column": 0 }, "end": { "line": 31, "column": 14 } },
      "32": { "start": { "line": 33, "column": 0 }, "end": { "line": 33, "column": 18 } },
      "33": { "start": { "line": 34, "column": 0 }, "end": { "line": 34, "column": 369 } },
      "35": { "start": { "line": 36, "column": 0 }, "end": { "line": 36, "column": 13 } },
      "36": { "start": { "line": 37, "column": 0 }, "end": { "line": 37, "column": 42 } },
      "37": { "start": { "line": 38, "column": 0 }, "end": { "line": 38, "column": 20 } },
      "38": { "start": { "line": 39, "column": 0 }, "end": { "line": 39, "column": 20 } },
      "39": { "start": { "line": 40, "column": 0 }, "end": { "line": 40, "column": 17 } }
    },
    "s": {
      "3": 0,
      "4": 0,
      "5": 0,
      "6": 0,
      "7": 0,
      "9": 0,
      "10": 0,
      "12": 0,
      "14": 0,
      "18": 0,
      "19": 0,
      "20": 0,
      "21": 0,
      "22": 0,
      "23": 0,
      "30": 0,
      "32": 0,
      "33": 0,
      "35": 0,
      "36": 0,
      "37": 0,
      "38": 0,
      "39": 0
    },
    "branchMap": {
      "0": {
        "type": "branch",
        "line": 1,
        "loc": { "start": { "line": 1, "column": 1767 }, "end": { "line": 41, "column": 11 } },
        "locations": [
          { "start": { "line": 1, "column": 1767 }, "end": { "line": 41, "column": 11 } }
        ]
      }
    },
    "b": { "0": [1] },
    "fnMap": {
      "0": {
        "name": "(empty-report)",
        "decl": { "start": { "line": 1, "column": 1767 }, "end": { "line": 41, "column": 11 } },
        "loc": { "start": { "line": 1, "column": 1767 }, "end": { "line": 41, "column": 11 } },
        "line": 1
      }
    },
    "f": { "0": 1 }
  },
  "/home/abc/repos/dpda-fe/src/components/ui/dialog/DialogDescription.vue": {
    "path": "/home/abc/repos/dpda-fe/src/components/ui/dialog/DialogDescription.vue",
    "all": true,
    "statementMap": {
      "3": { "start": { "line": 4, "column": 0 }, "end": { "line": 4, "column": 43 } },
      "4": { "start": { "line": 5, "column": 0 }, "end": { "line": 5, "column": 60 } },
      "5": { "start": { "line": 6, "column": 0 }, "end": { "line": 6, "column": 32 } },
      "7": { "start": { "line": 8, "column": 0 }, "end": { "line": 8, "column": 89 } },
      "9": { "start": { "line": 10, "column": 0 }, "end": { "line": 10, "column": 51 } },
      "11": { "start": { "line": 12, "column": 0 }, "end": { "line": 12, "column": 54 } },
      "15": { "start": { "line": 16, "column": 0 }, "end": { "line": 16, "column": 20 } },
      "16": { "start": { "line": 17, "column": 0 }, "end": { "line": 17, "column": 34 } },
      "17": { "start": { "line": 18, "column": 0 }, "end": { "line": 18, "column": 27 } },
      "18": { "start": { "line": 19, "column": 0 }, "end": { "line": 19, "column": 61 } },
      "20": { "start": { "line": 21, "column": 0 }, "end": { "line": 21, "column": 12 } },
      "21": { "start": { "line": 22, "column": 0 }, "end": { "line": 22, "column": 22 } }
    },
    "s": {
      "3": 0,
      "4": 0,
      "5": 0,
      "7": 0,
      "9": 0,
      "11": 0,
      "15": 0,
      "16": 0,
      "17": 0,
      "18": 0,
      "20": 0,
      "21": 0
    },
    "branchMap": {
      "0": {
        "type": "branch",
        "line": 1,
        "loc": { "start": { "line": 1, "column": 678 }, "end": { "line": 23, "column": 11 } },
        "locations": [
          { "start": { "line": 1, "column": 678 }, "end": { "line": 23, "column": 11 } }
        ]
      }
    },
    "b": { "0": [1] },
    "fnMap": {
      "0": {
        "name": "(empty-report)",
        "decl": { "start": { "line": 1, "column": 678 }, "end": { "line": 23, "column": 11 } },
        "loc": { "start": { "line": 1, "column": 678 }, "end": { "line": 23, "column": 11 } },
        "line": 1
      }
    },
    "f": { "0": 1 }
  },
  "/home/abc/repos/dpda-fe/src/components/ui/dialog/DialogFooter.vue": {
    "path": "/home/abc/repos/dpda-fe/src/components/ui/dialog/DialogFooter.vue",
    "all": true,
    "statementMap": {
      "2": { "start": { "line": 3, "column": 0 }, "end": { "line": 3, "column": 32 } },
      "4": { "start": { "line": 5, "column": 0 }, "end": { "line": 5, "column": 64 } },
      "8": { "start": { "line": 9, "column": 0 }, "end": { "line": 9, "column": 6 } },
      "9": { "start": { "line": 10, "column": 0 }, "end": { "line": 10, "column": 29 } },
      "10": { "start": { "line": 11, "column": 0 }, "end": { "line": 11, "column": 86 } },
      "12": { "start": { "line": 13, "column": 0 }, "end": { "line": 13, "column": 12 } },
      "13": { "start": { "line": 14, "column": 0 }, "end": { "line": 14, "column": 8 } }
    },
    "s": { "2": 0, "4": 0, "8": 0, "9": 0, "10": 0, "12": 0, "13": 0 },
    "branchMap": {
      "0": {
        "type": "branch",
        "line": 1,
        "loc": { "start": { "line": 1, "column": 349 }, "end": { "line": 15, "column": 11 } },
        "locations": [
          { "start": { "line": 1, "column": 349 }, "end": { "line": 15, "column": 11 } }
        ]
      }
    },
    "b": { "0": [1] },
    "fnMap": {
      "0": {
        "name": "(empty-report)",
        "decl": { "start": { "line": 1, "column": 349 }, "end": { "line": 15, "column": 11 } },
        "loc": { "start": { "line": 1, "column": 349 }, "end": { "line": 15, "column": 11 } },
        "line": 1
      }
    },
    "f": { "0": 1 }
  },
  "/home/abc/repos/dpda-fe/src/components/ui/dialog/DialogHeader.vue": {
    "path": "/home/abc/repos/dpda-fe/src/components/ui/dialog/DialogHeader.vue",
    "all": true,
    "statementMap": {
      "2": { "start": { "line": 3, "column": 0 }, "end": { "line": 3, "column": 32 } },
      "4": { "start": { "line": 5, "column": 0 }, "end": { "line": 5, "column": 27 } },
      "10": { "start": { "line": 11, "column": 0 }, "end": { "line": 11, "column": 6 } },
      "11": { "start": { "line": 12, "column": 0 }, "end": { "line": 12, "column": 29 } },
      "12": { "start": { "line": 13, "column": 0 }, "end": { "line": 13, "column": 76 } },
      "14": { "start": { "line": 15, "column": 0 }, "end": { "line": 15, "column": 12 } },
      "15": { "start": { "line": 16, "column": 0 }, "end": { "line": 16, "column": 8 } }
    },
    "s": { "2": 0, "4": 0, "10": 0, "11": 0, "12": 0, "14": 0, "15": 0 },
    "branchMap": {
      "0": {
        "type": "branch",
        "line": 1,
        "loc": { "start": { "line": 1, "column": 341 }, "end": { "line": 17, "column": 11 } },
        "locations": [
          { "start": { "line": 1, "column": 341 }, "end": { "line": 17, "column": 11 } }
        ]
      }
    },
    "b": { "0": [1] },
    "fnMap": {
      "0": {
        "name": "(empty-report)",
        "decl": { "start": { "line": 1, "column": 341 }, "end": { "line": 17, "column": 11 } },
        "loc": { "start": { "line": 1, "column": 341 }, "end": { "line": 17, "column": 11 } },
        "line": 1
      }
    },
    "f": { "0": 1 }
  },
  "/home/abc/repos/dpda-fe/src/components/ui/dialog/DialogOverlay.vue": {
    "path": "/home/abc/repos/dpda-fe/src/components/ui/dialog/DialogOverlay.vue",
    "all": true,
    "statementMap": {
      "3": { "start": { "line": 4, "column": 0 }, "end": { "line": 4, "column": 43 } },
      "4": { "start": { "line": 5, "column": 0 }, "end": { "line": 5, "column": 39 } },
      "5": { "start": { "line": 6, "column": 0 }, "end": { "line": 6, "column": 32 } },
      "7": { "start": { "line": 8, "column": 0 }, "end": { "line": 8, "column": 85 } },
      "9": { "start": { "line": 10, "column": 0 }, "end": { "line": 10, "column": 51 } },
      "13": { "start": { "line": 14, "column": 0 }, "end": { "line": 14, "column": 16 } },
      "14": { "start": { "line": 15, "column": 0 }, "end": { "line": 15, "column": 30 } },
      "15": { "start": { "line": 16, "column": 0 }, "end": { "line": 16, "column": 27 } },
      "16": { "start": { "line": 17, "column": 0 }, "end": { "line": 17, "column": 12 } },
      "23": { "start": { "line": 24, "column": 0 }, "end": { "line": 24, "column": 12 } },
      "24": { "start": { "line": 25, "column": 0 }, "end": { "line": 25, "column": 18 } }
    },
    "s": {
      "3": 0,
      "4": 0,
      "5": 0,
      "7": 0,
      "9": 0,
      "13": 0,
      "14": 0,
      "15": 0,
      "16": 0,
      "23": 0,
      "24": 0
    },
    "branchMap": {
      "0": {
        "type": "branch",
        "line": 1,
        "loc": { "start": { "line": 1, "column": 738 }, "end": { "line": 26, "column": 11 } },
        "locations": [
          { "start": { "line": 1, "column": 738 }, "end": { "line": 26, "column": 11 } }
        ]
      }
    },
    "b": { "0": [1] },
    "fnMap": {
      "0": {
        "name": "(empty-report)",
        "decl": { "start": { "line": 1, "column": 738 }, "end": { "line": 26, "column": 11 } },
        "loc": { "start": { "line": 1, "column": 738 }, "end": { "line": 26, "column": 11 } },
        "line": 1
      }
    },
    "f": { "0": 1 }
  },
  "/home/abc/repos/dpda-fe/src/components/ui/dialog/DialogScrollContent.vue": {
    "path": "/home/abc/repos/dpda-fe/src/components/ui/dialog/DialogScrollContent.vue",
    "all": true,
    "statementMap": {
      "3": { "start": { "line": 4, "column": 0 }, "end": { "line": 4, "column": 43 } },
      "4": { "start": { "line": 5, "column": 0 }, "end": { "line": 5, "column": 35 } },
      "5": { "start": { "line": 6, "column": 0 }, "end": { "line": 6, "column": 8 } },
      "12": { "start": { "line": 13, "column": 0 }, "end": { "line": 13, "column": 32 } },
      "14": { "start": { "line": 15, "column": 0 }, "end": { "line": 15, "column": 85 } },
      "15": { "start": { "line": 16, "column": 0 }, "end": { "line": 16, "column": 47 } },
      "17": { "start": { "line": 18, "column": 0 }, "end": { "line": 18, "column": 51 } },
      "19": { "start": { "line": 20, "column": 0 }, "end": { "line": 20, "column": 61 } },
      "23": { "start": { "line": 24, "column": 0 }, "end": { "line": 24, "column": 16 } },
      "24": { "start": { "line": 25, "column": 0 }, "end": { "line": 25, "column": 18 } },
      "25": { "start": { "line": 26, "column": 0 }, "end": { "line": 26, "column": 204 } },
      "27": { "start": { "line": 28, "column": 0 }, "end": { "line": 28, "column": 20 } },
      "28": { "start": { "line": 29, "column": 0 }, "end": { "line": 29, "column": 16 } },
      "34": { "start": { "line": 35, "column": 0 }, "end": { "line": 35, "column": 26 } },
      "35": { "start": { "line": 36, "column": 0 }, "end": { "line": 36, "column": 31 } },
      "48": { "start": { "line": 49, "column": 0 }, "end": { "line": 49, "column": 16 } },
      "50": { "start": { "line": 51, "column": 0 }, "end": { "line": 51, "column": 20 } },
      "51": { "start": { "line": 52, "column": 0 }, "end": { "line": 52, "column": 94 } },
      "53": { "start": { "line": 54, "column": 0 }, "end": { "line": 54, "column": 31 } },
      "54": { "start": { "line": 55, "column": 0 }, "end": { "line": 55, "column": 44 } },
      "55": { "start": { "line": 56, "column": 0 }, "end": { "line": 56, "column": 22 } },
      "56": { "start": { "line": 57, "column": 0 }, "end": { "line": 57, "column": 22 } },
      "57": { "start": { "line": 58, "column": 0 }, "end": { "line": 58, "column": 20 } },
      "58": { "start": { "line": 59, "column": 0 }, "end": { "line": 59, "column": 17 } }
    },
    "s": {
      "3": 0,
      "4": 0,
      "5": 0,
      "12": 0,
      "14": 0,
      "15": 0,
      "17": 0,
      "19": 0,
      "23": 0,
      "24": 0,
      "25": 0,
      "27": 0,
      "28": 0,
      "34": 0,
      "35": 0,
      "48": 0,
      "50": 0,
      "51": 0,
      "53": 0,
      "54": 0,
      "55": 0,
      "56": 0,
      "57": 0,
      "58": 0
    },
    "branchMap": {
      "0": {
        "type": "branch",
        "line": 1,
        "loc": { "start": { "line": 1, "column": 1885 }, "end": { "line": 60, "column": 11 } },
        "locations": [
          { "start": { "line": 1, "column": 1885 }, "end": { "line": 60, "column": 11 } }
        ]
      }
    },
    "b": { "0": [1] },
    "fnMap": {
      "0": {
        "name": "(empty-report)",
        "decl": { "start": { "line": 1, "column": 1885 }, "end": { "line": 60, "column": 11 } },
        "loc": { "start": { "line": 1, "column": 1885 }, "end": { "line": 60, "column": 11 } },
        "line": 1
      }
    },
    "f": { "0": 1 }
  },
  "/home/abc/repos/dpda-fe/src/components/ui/dialog/DialogTitle.vue": {
    "path": "/home/abc/repos/dpda-fe/src/components/ui/dialog/DialogTitle.vue",
    "all": true,
    "statementMap": {
      "3": { "start": { "line": 4, "column": 0 }, "end": { "line": 4, "column": 43 } },
      "4": { "start": { "line": 5, "column": 0 }, "end": { "line": 5, "column": 54 } },
      "5": { "start": { "line": 6, "column": 0 }, "end": { "line": 6, "column": 32 } },
      "7": { "start": { "line": 8, "column": 0 }, "end": { "line": 8, "column": 83 } },
      "9": { "start": { "line": 10, "column": 0 }, "end": { "line": 10, "column": 51 } },
      "11": { "start": { "line": 12, "column": 0 }, "end": { "line": 12, "column": 54 } },
      "15": { "start": { "line": 16, "column": 0 }, "end": { "line": 16, "column": 14 } },
      "16": { "start": { "line": 17, "column": 0 }, "end": { "line": 17, "column": 28 } },
      "17": { "start": { "line": 18, "column": 0 }, "end": { "line": 18, "column": 27 } },
      "18": { "start": { "line": 19, "column": 0 }, "end": { "line": 19, "column": 66 } },
      "20": { "start": { "line": 21, "column": 0 }, "end": { "line": 21, "column": 12 } },
      "21": { "start": { "line": 22, "column": 0 }, "end": { "line": 22, "column": 16 } }
    },
    "s": {
      "3": 0,
      "4": 0,
      "5": 0,
      "7": 0,
      "9": 0,
      "11": 0,
      "15": 0,
      "16": 0,
      "17": 0,
      "18": 0,
      "20": 0,
      "21": 0
    },
    "branchMap": {
      "0": {
        "type": "branch",
        "line": 1,
        "loc": { "start": { "line": 1, "column": 647 }, "end": { "line": 23, "column": 11 } },
        "locations": [
          { "start": { "line": 1, "column": 647 }, "end": { "line": 23, "column": 11 } }
        ]
      }
    },
    "b": { "0": [1] },
    "fnMap": {
      "0": {
        "name": "(empty-report)",
        "decl": { "start": { "line": 1, "column": 647 }, "end": { "line": 23, "column": 11 } },
        "loc": { "start": { "line": 1, "column": 647 }, "end": { "line": 23, "column": 11 } },
        "line": 1
      }
    },
    "f": { "0": 1 }
  },
  "/home/abc/repos/dpda-fe/src/components/ui/dialog/DialogTrigger.vue": {
    "path": "/home/abc/repos/dpda-fe/src/components/ui/dialog/DialogTrigger.vue",
    "all": true,
    "statementMap": {
      "2": { "start": { "line": 3, "column": 0 }, "end": { "line": 3, "column": 39 } },
      "4": { "start": { "line": 5, "column": 0 }, "end": { "line": 5, "column": 47 } },
      "8": { "start": { "line": 9, "column": 0 }, "end": { "line": 9, "column": 59 } },
      "9": { "start": { "line": 10, "column": 0 }, "end": { "line": 10, "column": 12 } },
      "10": { "start": { "line": 11, "column": 0 }, "end": { "line": 11, "column": 18 } }
    },
    "s": { "2": 0, "4": 0, "8": 0, "9": 0, "10": 0 },
    "branchMap": {
      "0": {
        "type": "branch",
        "line": 1,
        "loc": { "start": { "line": 1, "column": 289 }, "end": { "line": 12, "column": 11 } },
        "locations": [
          { "start": { "line": 1, "column": 289 }, "end": { "line": 12, "column": 11 } }
        ]
      }
    },
    "b": { "0": [1] },
    "fnMap": {
      "0": {
        "name": "(empty-report)",
        "decl": { "start": { "line": 1, "column": 289 }, "end": { "line": 12, "column": 11 } },
        "loc": { "start": { "line": 1, "column": 289 }, "end": { "line": 12, "column": 11 } },
        "line": 1
      }
    },
    "f": { "0": 1 }
  },
  "/home/abc/repos/dpda-fe/src/components/ui/dialog/index.ts": {
    "path": "/home/abc/repos/dpda-fe/src/components/ui/dialog/index.ts",
    "all": true,
    "statementMap": {
      "0": { "start": { "line": 1, "column": 0 }, "end": { "line": 1, "column": 48 } },
      "1": { "start": { "line": 2, "column": 0 }, "end": { "line": 2, "column": 58 } },
      "2": { "start": { "line": 3, "column": 0 }, "end": { "line": 3, "column": 62 } },
      "3": { "start": { "line": 4, "column": 0 }, "end": { "line": 4, "column": 70 } },
      "4": { "start": { "line": 5, "column": 0 }, "end": { "line": 5, "column": 60 } },
      "5": { "start": { "line": 6, "column": 0 }, "end": { "line": 6, "column": 60 } },
      "6": { "start": { "line": 7, "column": 0 }, "end": { "line": 7, "column": 62 } },
      "7": { "start": { "line": 8, "column": 0 }, "end": { "line": 8, "column": 74 } },
      "8": { "start": { "line": 9, "column": 0 }, "end": { "line": 9, "column": 58 } },
      "9": { "start": { "line": 10, "column": 0 }, "end": { "line": 10, "column": 62 } }
    },
    "s": { "0": 0, "1": 0, "2": 0, "3": 0, "4": 0, "5": 0, "6": 0, "7": 0, "8": 0, "9": 0 },
    "branchMap": {
      "0": {
        "type": "branch",
        "line": 1,
        "loc": { "start": { "line": 1, "column": 623 }, "end": { "line": 10, "column": 62 } },
        "locations": [
          { "start": { "line": 1, "column": 623 }, "end": { "line": 10, "column": 62 } }
        ]
      }
    },
    "b": { "0": [0] },
    "fnMap": {
      "0": {
        "name": "(empty-report)",
        "decl": { "start": { "line": 1, "column": 623 }, "end": { "line": 10, "column": 62 } },
        "loc": { "start": { "line": 1, "column": 623 }, "end": { "line": 10, "column": 62 } },
        "line": 1
      }
    },
    "f": { "0": 0 }
  },
  "/home/abc/repos/dpda-fe/src/components/ui/form/FormControl.vue": {
    "path": "/home/abc/repos/dpda-fe/src/components/ui/form/FormControl.vue",
    "all": true,
    "statementMap": {
      "1": { "start": { "line": 2, "column": 0 }, "end": { "line": 2, "column": 30 } },
      "2": { "start": { "line": 3, "column": 0 }, "end": { "line": 3, "column": 45 } },
      "4": { "start": { "line": 5, "column": 0 }, "end": { "line": 5, "column": 78 } },
      "8": { "start": { "line": 9, "column": 0 }, "end": { "line": 9, "column": 7 } },
      "9": { "start": { "line": 10, "column": 0 }, "end": { "line": 10, "column": 20 } },
      "10": { "start": { "line": 11, "column": 0 }, "end": { "line": 11, "column": 28 } },
      "11": { "start": { "line": 12, "column": 0 }, "end": { "line": 12, "column": 97 } },
      "12": { "start": { "line": 13, "column": 0 }, "end": { "line": 13, "column": 27 } },
      "14": { "start": { "line": 15, "column": 0 }, "end": { "line": 15, "column": 12 } },
      "15": { "start": { "line": 16, "column": 0 }, "end": { "line": 16, "column": 9 } }
    },
    "s": { "1": 0, "2": 0, "4": 0, "8": 0, "9": 0, "10": 0, "11": 0, "12": 0, "14": 0, "15": 0 },
    "branchMap": {
      "0": {
        "type": "branch",
        "line": 1,
        "loc": { "start": { "line": 1, "column": 426 }, "end": { "line": 17, "column": 11 } },
        "locations": [
          { "start": { "line": 1, "column": 426 }, "end": { "line": 17, "column": 11 } }
        ]
      }
    },
    "b": { "0": [1] },
    "fnMap": {
      "0": {
        "name": "(empty-report)",
        "decl": { "start": { "line": 1, "column": 426 }, "end": { "line": 17, "column": 11 } },
        "loc": { "start": { "line": 1, "column": 426 }, "end": { "line": 17, "column": 11 } },
        "line": 1
      }
    },
    "f": { "0": 1 }
  },
  "/home/abc/repos/dpda-fe/src/components/ui/form/FormDescription.vue": {
    "path": "/home/abc/repos/dpda-fe/src/components/ui/form/FormDescription.vue",
    "all": true,
    "statementMap": {
      "2": { "start": { "line": 3, "column": 0 }, "end": { "line": 3, "column": 32 } },
      "3": { "start": { "line": 4, "column": 0 }, "end": { "line": 4, "column": 45 } },
      "5": { "start": { "line": 6, "column": 0 }, "end": { "line": 6, "column": 27 } },
      "9": { "start": { "line": 10, "column": 0 }, "end": { "line": 10, "column": 44 } },
      "13": { "start": { "line": 14, "column": 0 }, "end": { "line": 14, "column": 4 } },
      "14": { "start": { "line": 15, "column": 0 }, "end": { "line": 15, "column": 27 } },
      "15": { "start": { "line": 16, "column": 0 }, "end": { "line": 16, "column": 32 } },
      "16": { "start": { "line": 17, "column": 0 }, "end": { "line": 17, "column": 61 } },
      "18": { "start": { "line": 19, "column": 0 }, "end": { "line": 19, "column": 12 } },
      "19": { "start": { "line": 20, "column": 0 }, "end": { "line": 20, "column": 6 } }
    },
    "s": { "2": 0, "3": 0, "5": 0, "9": 0, "13": 0, "14": 0, "15": 0, "16": 0, "18": 0, "19": 0 },
    "branchMap": {
      "0": {
        "type": "branch",
        "line": 1,
        "loc": { "start": { "line": 1, "column": 445 }, "end": { "line": 21, "column": 11 } },
        "locations": [
          { "start": { "line": 1, "column": 445 }, "end": { "line": 21, "column": 11 } }
        ]
      }
    },
    "b": { "0": [1] },
    "fnMap": {
      "0": {
        "name": "(empty-report)",
        "decl": { "start": { "line": 1, "column": 445 }, "end": { "line": 21, "column": 11 } },
        "loc": { "start": { "line": 1, "column": 445 }, "end": { "line": 21, "column": 11 } },
        "line": 1
      }
    },
    "f": { "0": 1 }
  },
  "/home/abc/repos/dpda-fe/src/components/ui/form/FormItem.vue": {
    "path": "/home/abc/repos/dpda-fe/src/components/ui/form/FormItem.vue",
    "all": true,
    "statementMap": {
      "2": { "start": { "line": 3, "column": 0 }, "end": { "line": 3, "column": 31 } },
      "3": { "start": { "line": 4, "column": 0 }, "end": { "line": 4, "column": 29 } },
      "4": { "start": { "line": 5, "column": 0 }, "end": { "line": 5, "column": 32 } },
      "5": { "start": { "line": 6, "column": 0 }, "end": { "line": 6, "column": 57 } },
      "7": { "start": { "line": 8, "column": 0 }, "end": { "line": 8, "column": 27 } },
      "11": { "start": { "line": 12, "column": 0 }, "end": { "line": 12, "column": 18 } },
      "12": { "start": { "line": 13, "column": 0 }, "end": { "line": 13, "column": 36 } },
      "16": { "start": { "line": 17, "column": 0 }, "end": { "line": 17, "column": 68 } },
      "17": { "start": { "line": 18, "column": 0 }, "end": { "line": 18, "column": 12 } },
      "18": { "start": { "line": 19, "column": 0 }, "end": { "line": 19, "column": 8 } }
    },
    "s": { "2": 0, "3": 0, "4": 0, "5": 0, "7": 0, "11": 0, "12": 0, "16": 0, "17": 0, "18": 0 },
    "branchMap": {
      "0": {
        "type": "branch",
        "line": 1,
        "loc": { "start": { "line": 1, "column": 469 }, "end": { "line": 20, "column": 11 } },
        "locations": [
          { "start": { "line": 1, "column": 469 }, "end": { "line": 20, "column": 11 } }
        ]
      }
    },
    "b": { "0": [1] },
    "fnMap": {
      "0": {
        "name": "(empty-report)",
        "decl": { "start": { "line": 1, "column": 469 }, "end": { "line": 20, "column": 11 } },
        "loc": { "start": { "line": 1, "column": 469 }, "end": { "line": 20, "column": 11 } },
        "line": 1
      }
    },
    "f": { "0": 1 }
  },
  "/home/abc/repos/dpda-fe/src/components/ui/form/FormLabel.vue": {
    "path": "/home/abc/repos/dpda-fe/src/components/ui/form/FormLabel.vue",
    "all": true,
    "statementMap": {
      "3": { "start": { "line": 4, "column": 0 }, "end": { "line": 4, "column": 32 } },
      "4": { "start": { "line": 5, "column": 0 }, "end": { "line": 5, "column": 45 } },
      "5": { "start": { "line": 6, "column": 0 }, "end": { "line": 6, "column": 45 } },
      "7": { "start": { "line": 8, "column": 0 }, "end": { "line": 8, "column": 77 } },
      "9": { "start": { "line": 10, "column": 0 }, "end": { "line": 10, "column": 44 } },
      "13": { "start": { "line": 14, "column": 0 }, "end": { "line": 14, "column": 8 } },
      "14": { "start": { "line": 15, "column": 0 }, "end": { "line": 15, "column": 26 } },
      "15": { "start": { "line": 16, "column": 0 }, "end": { "line": 16, "column": 25 } },
      "16": { "start": { "line": 17, "column": 0 }, "end": { "line": 17, "column": 66 } },
      "17": { "start": { "line": 18, "column": 0 }, "end": { "line": 18, "column": 21 } },
      "19": { "start": { "line": 20, "column": 0 }, "end": { "line": 20, "column": 12 } },
      "20": { "start": { "line": 21, "column": 0 }, "end": { "line": 21, "column": 10 } }
    },
    "s": {
      "3": 0,
      "4": 0,
      "5": 0,
      "7": 0,
      "9": 0,
      "13": 0,
      "14": 0,
      "15": 0,
      "16": 0,
      "17": 0,
      "19": 0,
      "20": 0
    },
    "branchMap": {
      "0": {
        "type": "branch",
        "line": 1,
        "loc": { "start": { "line": 1, "column": 571 }, "end": { "line": 22, "column": 11 } },
        "locations": [
          { "start": { "line": 1, "column": 571 }, "end": { "line": 22, "column": 11 } }
        ]
      }
    },
    "b": { "0": [1] },
    "fnMap": {
      "0": {
        "name": "(empty-report)",
        "decl": { "start": { "line": 1, "column": 571 }, "end": { "line": 22, "column": 11 } },
        "loc": { "start": { "line": 1, "column": 571 }, "end": { "line": 22, "column": 11 } },
        "line": 1
      }
    },
    "f": { "0": 1 }
  },
  "/home/abc/repos/dpda-fe/src/components/ui/form/FormMessage.vue": {
    "path": "/home/abc/repos/dpda-fe/src/components/ui/form/FormMessage.vue",
    "all": true,
    "statementMap": {
      "2": { "start": { "line": 3, "column": 0 }, "end": { "line": 3, "column": 43 } },
      "3": { "start": { "line": 4, "column": 0 }, "end": { "line": 4, "column": 29 } },
      "4": { "start": { "line": 5, "column": 0 }, "end": { "line": 5, "column": 32 } },
      "5": { "start": { "line": 6, "column": 0 }, "end": { "line": 6, "column": 45 } },
      "7": { "start": { "line": 8, "column": 0 }, "end": { "line": 8, "column": 27 } },
      "11": { "start": { "line": 12, "column": 0 }, "end": { "line": 12, "column": 46 } },
      "15": { "start": { "line": 16, "column": 0 }, "end": { "line": 16, "column": 15 } },
      "16": { "start": { "line": 17, "column": 0 }, "end": { "line": 17, "column": 23 } },
      "17": { "start": { "line": 18, "column": 0 }, "end": { "line": 18, "column": 28 } },
      "18": { "start": { "line": 19, "column": 0 }, "end": { "line": 19, "column": 10 } },
      "19": { "start": { "line": 20, "column": 0 }, "end": { "line": 20, "column": 25 } },
      "20": { "start": { "line": 21, "column": 0 }, "end": { "line": 21, "column": 56 } },
      "21": { "start": { "line": 22, "column": 0 }, "end": { "line": 22, "column": 4 } }
    },
    "s": {
      "2": 0,
      "3": 0,
      "4": 0,
      "5": 0,
      "7": 0,
      "11": 0,
      "15": 0,
      "16": 0,
      "17": 0,
      "18": 0,
      "19": 0,
      "20": 0,
      "21": 0
    },
    "branchMap": {
      "0": {
        "type": "branch",
        "line": 1,
        "loc": { "start": { "line": 1, "column": 537 }, "end": { "line": 23, "column": 11 } },
        "locations": [
          { "start": { "line": 1, "column": 537 }, "end": { "line": 23, "column": 11 } }
        ]
      }
    },
    "b": { "0": [1] },
    "fnMap": {
      "0": {
        "name": "(empty-report)",
        "decl": { "start": { "line": 1, "column": 537 }, "end": { "line": 23, "column": 11 } },
        "loc": { "start": { "line": 1, "column": 537 }, "end": { "line": 23, "column": 11 } },
        "line": 1
      }
    },
    "f": { "0": 1 }
  },
  "/home/abc/repos/dpda-fe/src/components/ui/form/index.ts": {
    "path": "/home/abc/repos/dpda-fe/src/components/ui/form/index.ts",
    "all": true,
    "statementMap": {
      "0": { "start": { "line": 1, "column": 0 }, "end": { "line": 1, "column": 58 } },
      "1": { "start": { "line": 2, "column": 0 }, "end": { "line": 2, "column": 66 } },
      "2": { "start": { "line": 3, "column": 0 }, "end": { "line": 3, "column": 52 } },
      "3": { "start": { "line": 4, "column": 0 }, "end": { "line": 4, "column": 54 } },
      "4": { "start": { "line": 5, "column": 0 }, "end": { "line": 5, "column": 58 } },
      "5": { "start": { "line": 6, "column": 0 }, "end": { "line": 6, "column": 57 } },
      "6": { "start": { "line": 7, "column": 0 }, "end": { "line": 7, "column": 85 } }
    },
    "s": { "0": 0, "1": 0, "2": 0, "3": 0, "4": 0, "5": 0, "6": 0 },
    "branchMap": {
      "0": {
        "type": "branch",
        "line": 1,
        "loc": { "start": { "line": 1, "column": 436 }, "end": { "line": 7, "column": 85 } },
        "locations": [{ "start": { "line": 1, "column": 436 }, "end": { "line": 7, "column": 85 } }]
      }
    },
    "b": { "0": [0] },
    "fnMap": {
      "0": {
        "name": "(empty-report)",
        "decl": { "start": { "line": 1, "column": 436 }, "end": { "line": 7, "column": 85 } },
        "loc": { "start": { "line": 1, "column": 436 }, "end": { "line": 7, "column": 85 } },
        "line": 1
      }
    },
    "f": { "0": 0 }
  },
  "/home/abc/repos/dpda-fe/src/components/ui/form/injectionKeys.ts": {
    "path": "/home/abc/repos/dpda-fe/src/components/ui/form/injectionKeys.ts",
    "all": true,
    "statementMap": {
      "2": { "start": { "line": 3, "column": 0 }, "end": { "line": 3, "column": 71 } }
    },
    "s": { "2": 0 },
    "branchMap": {
      "0": {
        "type": "branch",
        "line": 1,
        "loc": { "start": { "line": 1, "column": 112 }, "end": { "line": 3, "column": 71 } },
        "locations": [{ "start": { "line": 1, "column": 112 }, "end": { "line": 3, "column": 71 } }]
      }
    },
    "b": { "0": [1] },
    "fnMap": {
      "0": {
        "name": "(empty-report)",
[...]
    },
    "f": { "0": 1 }
  },
  "/home/abc/repos/dpda-fe/src/components/ui/table/TableHead.vue": {
    "path": "/home/abc/repos/dpda-fe/src/components/ui/table/TableHead.vue",
    "all": true,
    "statementMap": {
      "2": { "start": { "line": 3, "column": 0 }, "end": { "line": 3, "column": 32 } },
      "4": { "start": { "line": 5, "column": 0 }, "end": { "line": 5, "column": 27 } },
      "10": { "start": { "line": 11, "column": 0 }, "end": { "line": 11, "column": 5 } },
      "11": { "start": { "line": 12, "column": 0 }, "end": { "line": 12, "column": 26 } },
      "12": { "start": { "line": 13, "column": 0 }, "end": { "line": 13, "column": 12 } },
      "19": { "start": { "line": 20, "column": 0 }, "end": { "line": 20, "column": 12 } },
      "20": { "start": { "line": 21, "column": 0 }, "end": { "line": 21, "column": 7 } }
    },
    "s": { "2": 0, "4": 0, "10": 0, "11": 0, "12": 0, "19": 0, "20": 0 },
    "branchMap": {
      "0": {
        "type": "branch",
        "line": 1,
        "loc": { "start": { "line": 1, "column": 480 }, "end": { "line": 22, "column": 11 } },
        "locations": [
          { "start": { "line": 1, "column": 480 }, "end": { "line": 22, "column": 11 } }
        ]
      }
    },
    "b": { "0": [1] },
    "fnMap": {
      "0": {
        "name": "(empty-report)",
        "decl": { "start": { "line": 1, "column": 480 }, "end": { "line": 22, "column": 11 } },
        "loc": { "start": { "line": 1, "column": 480 }, "end": { "line": 22, "column": 11 } },
        "line": 1
      }
    },
    "f": { "0": 1 }
  },
  "/home/abc/repos/dpda-fe/src/components/ui/table/TableHeader.vue": {
    "path": "/home/abc/repos/dpda-fe/src/components/ui/table/TableHeader.vue",
    "all": true,
    "statementMap": {
      "2": { "start": { "line": 3, "column": 0 }, "end": { "line": 3, "column": 32 } },
      "4": { "start": { "line": 5, "column": 0 }, "end": { "line": 5, "column": 27 } },
      "10": { "start": { "line": 11, "column": 0 }, "end": { "line": 11, "column": 78 } },
      "11": { "start": { "line": 12, "column": 0 }, "end": { "line": 12, "column": 12 } },
      "12": { "start": { "line": 13, "column": 0 }, "end": { "line": 13, "column": 10 } }
    },
    "s": { "2": 0, "4": 0, "10": 0, "11": 0, "12": 0 },
    "branchMap": {
      "0": {
        "type": "branch",
        "line": 1,
        "loc": { "start": { "line": 1, "column": 304 }, "end": { "line": 14, "column": 11 } },
        "locations": [
          { "start": { "line": 1, "column": 304 }, "end": { "line": 14, "column": 11 } }
        ]
      }
    },
    "b": { "0": [1] },
    "fnMap": {
      "0": {
        "name": "(empty-report)",
        "decl": { "start": { "line": 1, "column": 304 }, "end": { "line": 14, "column": 11 } },
        "loc": { "start": { "line": 1, "column": 304 }, "end": { "line": 14, "column": 11 } },
        "line": 1
      }
    },
    "f": { "0": 1 }
  },
  "/home/abc/repos/dpda-fe/src/components/ui/table/TableRow.vue": {
    "path": "/home/abc/repos/dpda-fe/src/components/ui/table/TableRow.vue",
    "all": true,
    "statementMap": {
      "2": { "start": { "line": 3, "column": 0 }, "end": { "line": 3, "column": 32 } },
      "4": { "start": { "line": 5, "column": 0 }, "end": { "line": 5, "column": 27 } },
      "10": { "start": { "line": 11, "column": 0 }, "end": { "line": 11, "column": 5 } },
      "11": { "start": { "line": 12, "column": 0 }, "end": { "line": 12, "column": 25 } },
      "12": { "start": { "line": 13, "column": 0 }, "end": { "line": 13, "column": 12 } },
      "16": { "start": { "line": 17, "column": 0 }, "end": { "line": 17, "column": 12 } },
      "17": { "start": { "line": 18, "column": 0 }, "end": { "line": 18, "column": 7 } }
    },
    "s": { "2": 0, "4": 0, "10": 0, "11": 0, "12": 0, "16": 0, "17": 0 },
    "branchMap": {
      "0": {
        "type": "branch",
        "line": 1,
        "loc": { "start": { "line": 1, "column": 378 }, "end": { "line": 19, "column": 11 } },
        "locations": [
          { "start": { "line": 1, "column": 378 }, "end": { "line": 19, "column": 11 } }
        ]
      }
    },
    "b": { "0": [1] },
    "fnMap": {
      "0": {
        "name": "(empty-report)",
        "decl": { "start": { "line": 1, "column": 378 }, "end": { "line": 19, "column": 11 } },
        "loc": { "start": { "line": 1, "column": 378 }, "end": { "line": 19, "column": 11 } },
        "line": 1
      }
    },
    "f": { "0": 1 }
  },
  "/home/abc/repos/dpda-fe/src/components/ui/table/index.ts": {
    "path": "/home/abc/repos/dpda-fe/src/components/ui/table/index.ts",
    "all": true,
    "statementMap": {
      "0": { "start": { "line": 1, "column": 0 }, "end": { "line": 1, "column": 46 } },
      "1": { "start": { "line": 2, "column": 0 }, "end": { "line": 2, "column": 54 } },
      "2": { "start": { "line": 3, "column": 0 }, "end": { "line": 3, "column": 60 } },
      "3": { "start": { "line": 4, "column": 0 }, "end": { "line": 4, "column": 54 } },
      "4": { "start": { "line": 5, "column": 0 }, "end": { "line": 5, "column": 56 } },
      "5": { "start": { "line": 6, "column": 0 }, "end": { "line": 6, "column": 58 } },
      "6": { "start": { "line": 7, "column": 0 }, "end": { "line": 7, "column": 54 } },
      "7": { "start": { "line": 8, "column": 0 }, "end": { "line": 8, "column": 58 } },
      "8": { "start": { "line": 9, "column": 0 }, "end": { "line": 9, "column": 52 } }
    },
    "s": { "0": 0, "1": 0, "2": 0, "3": 0, "4": 0, "5": 0, "6": 0, "7": 0, "8": 0 },
    "branchMap": {
      "0": {
        "type": "branch",
        "line": 1,
        "loc": { "start": { "line": 1, "column": 500 }, "end": { "line": 9, "column": 52 } },
        "locations": [{ "start": { "line": 1, "column": 500 }, "end": { "line": 9, "column": 52 } }]
      }
    },
    "b": { "0": [0] },
    "fnMap": {
      "0": {
        "name": "(empty-report)",
        "decl": { "start": { "line": 1, "column": 500 }, "end": { "line": 9, "column": 52 } },
        "loc": { "start": { "line": 1, "column": 500 }, "end": { "line": 9, "column": 52 } },
        "line": 1
      }
    },
    "f": { "0": 0 }
  },
  "/home/abc/repos/dpda-fe/src/components/ui/table/utils.ts": {
    "path": "/home/abc/repos/dpda-fe/src/components/ui/table/utils.ts",
    "all": true,
    "statementMap": {
      "3": { "start": { "line": 4, "column": 0 }, "end": { "line": 4, "column": 48 } },
      "5": { "start": { "line": 6, "column": 0 }, "end": { "line": 6, "column": 74 } },
      "6": { "start": { "line": 7, "column": 0 }, "end": { "line": 7, "column": 85 } },
      "7": { "start": { "line": 8, "column": 0 }, "end": { "line": 8, "column": 1 } }
    },
    "s": { "3": 0, "5": 0, "6": 0, "7": 0 },
    "branchMap": {
      "0": {
        "type": "branch",
        "line": 1,
        "loc": { "start": { "line": 1, "column": 295 }, "end": { "line": 8, "column": 1 } },
        "locations": [{ "start": { "line": 1, "column": 295 }, "end": { "line": 8, "column": 1 } }]
      }
    },
    "b": { "0": [1] },
    "fnMap": {
      "0": {
        "name": "(empty-report)",
        "decl": { "start": { "line": 1, "column": 295 }, "end": { "line": 8, "column": 1 } },
        "loc": { "start": { "line": 1, "column": 295 }, "end": { "line": 8, "column": 1 } },
        "line": 1
      }
    },
    "f": { "0": 1 }
  },
  "/home/abc/repos/dpda-fe/src/components/ui/tabs/Tabs.vue": {
    "path": "/home/abc/repos/dpda-fe/src/components/ui/tabs/Tabs.vue",
    "all": true,
    "statementMap": {
      "3": { "start": { "line": 4, "column": 0 }, "end": { "line": 4, "column": 43 } },
      "4": { "start": { "line": 5, "column": 0 }, "end": { "line": 5, "column": 56 } },
      "5": { "start": { "line": 6, "column": 0 }, "end": { "line": 6, "column": 32 } },
      "7": { "start": { "line": 8, "column": 0 }, "end": { "line": 8, "column": 80 } },
      "8": { "start": { "line": 9, "column": 0 }, "end": { "line": 9, "column": 42 } },
      "10": { "start": { "line": 11, "column": 0 }, "end": { "line": 11, "column": 51 } },
      "11": { "start": { "line": 12, "column": 0 }, "end": { "line": 12, "column": 61 } },
      "15": { "start": { "line": 16, "column": 0 }, "end": { "line": 16, "column": 96 } },
      "16": { "start": { "line": 17, "column": 0 }, "end": { "line": 17, "column": 12 } },
      "17": { "start": { "line": 18, "column": 0 }, "end": { "line": 18, "column": 13 } }
    },
    "s": { "3": 0, "4": 0, "5": 0, "7": 0, "8": 0, "10": 0, "11": 0, "15": 0, "16": 0, "17": 0 },
    "branchMap": {
      "0": {
        "type": "branch",
        "line": 1,
        "loc": { "start": { "line": 1, "column": 658 }, "end": { "line": 19, "column": 11 } },
        "locations": [
          { "start": { "line": 1, "column": 658 }, "end": { "line": 19, "column": 11 } }
        ]
      }
    },
    "b": { "0": [1] },
    "fnMap": {
      "0": {
        "name": "(empty-report)",
        "decl": { "start": { "line": 1, "column": 658 }, "end": { "line": 19, "column": 11 } },
        "loc": { "start": { "line": 1, "column": 658 }, "end": { "line": 19, "column": 11 } },
        "line": 1
      }
    },
    "f": { "0": 1 }
  },
  "/home/abc/repos/dpda-fe/src/components/ui/tabs/TabsContent.vue": {
    "path": "/home/abc/repos/dpda-fe/src/components/ui/tabs/TabsContent.vue",
    "all": true,
    "statementMap": {
      "3": { "start": { "line": 4, "column": 0 }, "end": { "line": 4, "column": 43 } },
      "4": { "start": { "line": 5, "column": 0 }, "end": { "line": 5, "column": 37 } },
      "5": { "start": { "line": 6, "column": 0 }, "end": { "line": 6, "column": 32 } },
      "7": { "start": { "line": 8, "column": 0 }, "end": { "line": 8, "column": 83 } },
      "9": { "start": { "line": 10, "column": 0 }, "end": { "line": 10, "column": 51 } },
      "13": { "start": { "line": 14, "column": 0 }, "end": { "line": 14, "column": 14 } },
      "14": { "start": { "line": 15, "column": 0 }, "end": { "line": 15, "column": 28 } },
      "15": { "start": { "line": 16, "column": 0 }, "end": { "line": 16, "column": 51 } },
      "16": { "start": { "line": 17, "column": 0 }, "end": { "line": 17, "column": 27 } },
      "18": { "start": { "line": 19, "column": 0 }, "end": { "line": 19, "column": 12 } },
      "19": { "start": { "line": 20, "column": 0 }, "end": { "line": 20, "column": 16 } }
    },
    "s": {
      "3": 0,
      "4": 0,
      "5": 0,
      "7": 0,
      "9": 0,
      "13": 0,
      "14": 0,
      "15": 0,
      "16": 0,
      "18": 0,
      "19": 0
    },
    "branchMap": {
      "0": {
        "type": "branch",
        "line": 1,
        "loc": { "start": { "line": 1, "column": 559 }, "end": { "line": 21, "column": 11 } },
        "locations": [
          { "start": { "line": 1, "column": 559 }, "end": { "line": 21, "column": 11 } }
        ]
      }
    },
    "b": { "0": [1] },
    "fnMap": {
      "0": {
        "name": "(empty-report)",
        "decl": { "start": { "line": 1, "column": 559 }, "end": { "line": 21, "column": 11 } },
        "loc": { "start": { "line": 1, "column": 559 }, "end": { "line": 21, "column": 11 } },
        "line": 1
      }
    },
    "f": { "0": 1 }
  },
  "/home/abc/repos/dpda-fe/src/components/ui/tabs/TabsList.vue": {
    "path": "/home/abc/repos/dpda-fe/src/components/ui/tabs/TabsList.vue",
    "all": true,
    "statementMap": {
      "3": { "start": { "line": 4, "column": 0 }, "end": { "line": 4, "column": 43 } },
      "4": { "start": { "line": 5, "column": 0 }, "end": { "line": 5, "column": 34 } },
      "5": { "start": { "line": 6, "column": 0 }, "end": { "line": 6, "column": 32 } },
      "7": { "start": { "line": 8, "column": 0 }, "end": { "line": 8, "column": 80 } },
      "9": { "start": { "line": 10, "column": 0 }, "end": { "line": 10, "column": 51 } },
      "13": { "start": { "line": 14, "column": 0 }, "end": { "line": 14, "column": 11 } },
      "14": { "start": { "line": 15, "column": 0 }, "end": { "line": 15, "column": 25 } },
      "15": { "start": { "line": 16, "column": 0 }, "end": { "line": 16, "column": 27 } },
      "16": { "start": { "line": 17, "column": 0 }, "end": { "line": 17, "column": 12 } },
      "23": { "start": { "line": 24, "column": 0 }, "end": { "line": 24, "column": 12 } },
      "24": { "start": { "line": 25, "column": 0 }, "end": { "line": 25, "column": 13 } }
    },
    "s": {
      "3": 0,
      "4": 0,
      "5": 0,
      "7": 0,
      "9": 0,
      "13": 0,
      "14": 0,
      "15": 0,
      "16": 0,
      "23": 0,
      "24": 0
    },
    "branchMap": {
      "0": {
        "type": "branch",
        "line": 1,
        "loc": { "start": { "line": 1, "column": 657 }, "end": { "line": 26, "column": 11 } },
        "locations": [
          { "start": { "line": 1, "column": 657 }, "end": { "line": 26, "column": 11 } }
        ]
      }
    },
    "b": { "0": [1] },
    "fnMap": {
      "0": {
        "name": "(empty-report)",
        "decl": { "start": { "line": 1, "column": 657 }, "end": { "line": 26, "column": 11 } },
        "loc": { "start": { "line": 1, "column": 657 }, "end": { "line": 26, "column": 11 } },
        "line": 1
      }
    },
    "f": { "0": 1 }
  },
  "/home/abc/repos/dpda-fe/src/components/ui/tabs/TabsTrigger.vue": {
    "path": "/home/abc/repos/dpda-fe/src/components/ui/tabs/TabsTrigger.vue",
    "all": true,
    "statementMap": {
      "3": { "start": { "line": 4, "column": 0 }, "end": { "line": 4, "column": 43 } },
      "4": { "start": { "line": 5, "column": 0 }, "end": { "line": 5, "column": 54 } },
      "5": { "start": { "line": 6, "column": 0 }, "end": { "line": 6, "column": 32 } },
      "7": { "start": { "line": 8, "column": 0 }, "end": { "line": 8, "column": 83 } },
      "9": { "start": { "line": 10, "column": 0 }, "end": { "line": 10, "column": 51 } },
      "11": { "start": { "line": 12, "column": 0 }, "end": { "line": 12, "column": 54 } },
      "15": { "start": { "line": 16, "column": 0 }, "end": { "line": 16, "column": 14 } },
      "16": { "start": { "line": 17, "column": 0 }, "end": { "line": 17, "column": 28 } },
      "17": { "start": { "line": 18, "column": 0 }, "end": { "line": 18, "column": 27 } },
      "18": { "start": { "line": 19, "column": 0 }, "end": { "line": 19, "column": 12 } },
      "25": { "start": { "line": 26, "column": 0 }, "end": { "line": 26, "column": 12 } },
      "26": { "start": { "line": 27, "column": 0 }, "end": { "line": 27, "column": 16 } }
    },
    "s": {
      "3": 0,
      "4": 0,
      "5": 0,
      "7": 0,
      "9": 0,
      "11": 0,
      "15": 0,
      "16": 0,
      "17": 0,
      "18": 0,
      "25": 0,
      "26": 0
    },
    "branchMap": {
      "0": {
        "type": "branch",
        "line": 1,
        "loc": { "start": { "line": 1, "column": 1320 }, "end": { "line": 28, "column": 11 } },
        "locations": [
          { "start": { "line": 1, "column": 1320 }, "end": { "line": 28, "column": 11 } }
        ]
      }
    },
    "b": { "0": [1] },
    "fnMap": {
      "0": {
        "name": "(empty-report)",
        "decl": { "start": { "line": 1, "column": 1320 }, "end": { "line": 28, "column": 11 } },
        "loc": { "start": { "line": 1, "column": 1320 }, "end": { "line": 28, "column": 11 } },
        "line": 1
      }
    },
    "f": { "0": 1 }
  },
  "/home/abc/repos/dpda-fe/src/components/ui/tabs/index.ts": {
    "path": "/home/abc/repos/dpda-fe/src/components/ui/tabs/index.ts",
    "all": true,
    "statementMap": {
      "0": { "start": { "line": 1, "column": 0 }, "end": { "line": 1, "column": 44 } },
      "1": { "start": { "line": 2, "column": 0 }, "end": { "line": 2, "column": 58 } },
      "2": { "start": { "line": 3, "column": 0 }, "end": { "line": 3, "column": 52 } },
      "3": { "start": { "line": 4, "column": 0 }, "end": { "line": 4, "column": 58 } }
    },
    "s": { "0": 0, "1": 0, "2": 0, "3": 0 },
    "branchMap": {
      "0": {
        "type": "branch",
        "line": 1,
        "loc": { "start": { "line": 1, "column": 215 }, "end": { "line": 4, "column": 58 } },
        "locations": [{ "start": { "line": 1, "column": 215 }, "end": { "line": 4, "column": 58 } }]
      }
    },
    "b": { "0": [0] },
    "fnMap": {
      "0": {
        "name": "(empty-report)",
        "decl": { "start": { "line": 1, "column": 215 }, "end": { "line": 4, "column": 58 } },
        "loc": { "start": { "line": 1, "column": 215 }, "end": { "line": 4, "column": 58 } },
        "line": 1
      }
    },
    "f": { "0": 0 }
  },
  "/home/abc/repos/dpda-fe/src/lib/utils.ts": {
    "path": "/home/abc/repos/dpda-fe/src/lib/utils.ts",
    "all": true,
    "statementMap": {
      "1": { "start": { "line": 2, "column": 0 }, "end": { "line": 2, "column": 27 } },
      "2": { "start": { "line": 3, "column": 0 }, "end": { "line": 3, "column": 40 } },
      "4": { "start": { "line": 5, "column": 0 }, "end": { "line": 5, "column": 45 } },
      "5": { "start": { "line": 6, "column": 0 }, "end": { "line": 6, "column": 30 } },
      "6": { "start": { "line": 7, "column": 0 }, "end": { "line": 7, "column": 1 } }
    },
    "s": { "1": 0, "2": 0, "4": 0, "5": 0, "6": 0 },
    "branchMap": {
      "0": {
        "type": "branch",
        "line": 1,
        "loc": { "start": { "line": 1, "column": 187 }, "end": { "line": 7, "column": 1 } },
        "locations": [{ "start": { "line": 1, "column": 187 }, "end": { "line": 7, "column": 1 } }]
      }
    },
    "b": { "0": [1] },
    "fnMap": {
      "0": {
        "name": "(empty-report)",
        "decl": { "start": { "line": 1, "column": 187 }, "end": { "line": 7, "column": 1 } },
        "loc": { "start": { "line": 1, "column": 187 }, "end": { "line": 7, "column": 1 } },
        "line": 1
      }
    },
    "f": { "0": 1 }
  },
  "/home/abc/repos/dpda-fe/src/router/index.ts": {
    "path": "/home/abc/repos/dpda-fe/src/router/index.ts",
    "all": true,
    "statementMap": {},
    "s": {},
    "branchMap": {
      "0": {
        "type": "branch",
        "line": 1,
        "loc": { "start": { "line": 1, "column": 0 }, "end": { "line": 1, "column": 0 } },
        "locations": [{ "start": { "line": 1, "column": 0 }, "end": { "line": 1, "column": 0 } }]
      }
    },
    "b": { "0": [1] },
    "fnMap": {
      "0": {
        "name": "(empty-report)",
        "decl": { "start": { "line": 1, "column": 0 }, "end": { "line": 1, "column": 0 } },
        "loc": { "start": { "line": 1, "column": 0 }, "end": { "line": 1, "column": 0 } },
        "line": 1
      }
    },
    "f": { "0": 1 }
  },
  "/home/abc/repos/dpda-fe/src/stores/dpda.ts": {
    "path": "/home/abc/repos/dpda-fe/src/stores/dpda.ts",
    "all": true,
    "statementMap": {},
    "s": {},
    "branchMap": {
      "0": {
        "type": "branch",
        "line": 1,
        "loc": { "start": { "line": 1, "column": 0 }, "end": { "line": 1, "column": 0 } },
        "locations": [{ "start": { "line": 1, "column": 0 }, "end": { "line": 1, "column": 0 } }]
      }
    },
    "b": { "0": [1] },
    "fnMap": {
      "0": {
        "name": "(empty-report)",
        "decl": { "start": { "line": 1, "column": 0 }, "end": { "line": 1, "column": 0 } },
        "loc": { "start": { "line": 1, "column": 0 }, "end": { "line": 1, "column": 0 } },
        "line": 1
      }
    },
    "f": { "0": 1 }
  },
  "/home/abc/repos/dpda-fe/src/stores/ui.ts": {
    "path": "/home/abc/repos/dpda-fe/src/stores/ui.ts",
    "all": true,
    "statementMap": {},
    "s": {},
    "branchMap": {
      "0": {
        "type": "branch",
        "line": 1,
        "loc": { "start": { "line": 1, "column": 0 }, "end": { "line": 1, "column": 0 } },
        "locations": [{ "start": { "line": 1, "column": 0 }, "end": { "line": 1, "column": 0 } }]
      }
    },
    "b": { "0": [1] },
    "fnMap": {
      "0": {
        "name": "(empty-report)",
        "decl": { "start": { "line": 1, "column": 0 }, "end": { "line": 1, "column": 0 } },
        "loc": { "start": { "line": 1, "column": 0 }, "end": { "line": 1, "column": 0 } },
        "line": 1
      }
    },
    "f": { "0": 1 }
  }
}
